2024-09-28 21:16:36,812 - INFO - Реле на пине 2 инициализировано с начальным состоянием OFF
2024-09-28 21:16:36,816 - INFO - Реле на пине 3 инициализировано с начальным состоянием OFF
2024-09-28 21:17:05,482 - INFO - Реле на пине 2 инициализировано с начальным состоянием OFF
2024-09-28 21:17:05,484 - INFO - Реле на пине 3 инициализировано с начальным состоянием OFF
2024-09-28 21:18:40,462 - INFO - Реле на пине 2 инициализировано с начальным состоянием OFF
2024-09-28 21:18:41,465 - INFO - Реле на пине 3 инициализировано с начальным состоянием OFF
2024-09-28 21:20:47,684 - INFO - Реле на пине 2 инициализировано с начальным состоянием OFF
2024-09-28 21:20:48,686 - INFO - Реле на пине 3 инициализировано с начальным состоянием OFF
2024-09-28 21:22:56,252 - INFO - Реле на пине 17 инициализировано с начальным состоянием OFF
2024-09-28 21:22:57,255 - INFO - Реле на пине 27 инициализировано с начальным состоянием OFF
2024-09-28 21:22:58,257 - INFO - Реле на пине 22 инициализировано с начальным состоянием OFF
2024-09-28 21:22:59,258 - INFO - Реле на пине 13 инициализировано с начальным состоянием OFF
2024-09-28 21:23:00,259 - INFO - Реле на пине 19 инициализировано с начальным состоянием OFF
2024-09-28 21:23:01,261 - INFO - Реле на пине 26 инициализировано с начальным состоянием OFF
2024-09-28 21:23:02,261 - INFO - Начинаем последовательную активацию реле.
2024-09-28 21:23:02,262 - INFO - 1: Реле на пине 17 активировано (ON)
2024-09-28 21:23:04,265 - INFO - 2: Реле на пине 27 активировано (ON)
2024-09-28 21:23:06,267 - INFO - 3: Реле на пине 22 активировано (ON)
2024-09-28 21:23:08,268 - INFO - 4: Реле на пине 13 активировано (ON)
2024-09-28 21:23:10,269 - INFO - 5: Реле на пине 19 активировано (ON)
2024-09-28 21:23:12,270 - INFO - 6: Реле на пине 26 активировано (ON)
2024-09-28 21:23:14,272 - INFO - Все реле активированы. Завершаем программу.
2024-09-28 21:23:14,273 - INFO - Все реле отключены (OFF).
2024-09-28 21:23:14,273 - INFO - Все реле отключены. GPIO очищены. Программа завершена.
