2024-09-28 21:13:19,891 - INFO - Пин 2 настроен как выход с состоянием HIGH
2024-09-28 21:13:19,950 - INFO - Пин 3 настроен как выход с состоянием HIGH
2024-09-28 21:13:20,001 - INFO - Пин 4 настроен как выход с состоянием HIGH
2024-09-28 21:13:20,053 - INFO - Пин 17 настроен как выход с состоянием HIGH
2024-09-28 21:13:20,113 - INFO - Пин 27 настроен как выход с состоянием HIGH
2024-09-28 21:13:20,164 - INFO - Пин 22 настроен как выход с состоянием HIGH
2024-09-28 21:13:20,216 - INFO - Пин 10 настроен как выход с состоянием HIGH
2024-09-28 21:13:20,268 - INFO - Пин 9 настроен как выход с состоянием HIGH
2024-09-28 21:13:20,321 - INFO - Пин 11 настроен как выход с состоянием HIGH
2024-09-28 21:13:20,376 - INFO - Пин 5 настроен как выход с состоянием HIGH
2024-09-28 21:13:20,428 - INFO - Пин 6 настроен как выход с состоянием HIGH
2024-09-28 21:13:20,486 - INFO - Пин 13 настроен как выход с состоянием HIGH
2024-09-28 21:13:20,541 - INFO - Пин 19 настроен как выход с состоянием HIGH
2024-09-28 21:13:20,593 - INFO - Пин 26 настроен как выход с состоянием HIGH
2024-09-28 21:13:20,646 - INFO - Пин 21 настроен как выход с состоянием HIGH
2024-09-28 21:13:20,698 - INFO - Пин 20 настроен как выход с состоянием HIGH
2024-09-28 21:13:20,751 - INFO - Все пины инициализированы. Начинаем последовательную активацию реле.
2024-09-28 21:13:20,757 - INFO - 1: Реле на пине 2 активировано (LOW)
2024-09-28 21:13:22,759 - INFO - 2: Реле на пине 3 активировано (LOW)
2024-09-28 21:13:24,760 - INFO - 3: Реле на пине 4 активировано (LOW)
2024-09-28 21:13:26,760 - INFO - 4: Реле на пине 17 активировано (LOW)
2024-09-28 21:13:28,761 - INFO - 5: Реле на пине 27 активировано (LOW)
2024-09-28 21:13:30,763 - INFO - 6: Реле на пине 22 активировано (LOW)
2024-09-28 21:13:32,764 - INFO - 7: Реле на пине 10 активировано (LOW)
2024-09-28 21:13:34,766 - INFO - 8: Реле на пине 9 активировано (LOW)
2024-09-28 21:13:36,766 - INFO - 9: Реле на пине 11 активировано (LOW)
2024-09-28 21:13:38,767 - INFO - 10: Реле на пине 5 активировано (LOW)
2024-09-28 21:13:40,771 - INFO - 11: Реле на пине 6 активировано (LOW)
2024-09-28 21:13:42,772 - INFO - 12: Реле на пине 13 активировано (LOW)
2024-09-28 21:13:44,772 - INFO - 13: Реле на пине 19 активировано (LOW)
2024-09-28 21:13:46,773 - INFO - 14: Реле на пине 26 активировано (LOW)
2024-09-28 21:13:48,710 - WARNING - Программа прервана пользователем (KeyboardInterrupt).
2024-09-28 21:13:48,711 - INFO - GPIO очищены. Программа завершена.
2024-09-28 21:24:37,979 - INFO - Пин 17 настроен как выход с состоянием HIGH
2024-09-28 21:24:38,031 - INFO - Пин 27 настроен как выход с состоянием HIGH
2024-09-28 21:24:38,083 - INFO - Пин 22 настроен как выход с состоянием HIGH
2024-09-28 21:24:38,135 - INFO - Пин 13 настроен как выход с состоянием HIGH
2024-09-28 21:24:38,187 - INFO - Пин 19 настроен как выход с состоянием HIGH
2024-09-28 21:24:38,239 - INFO - Пин 26 настроен как выход с состоянием HIGH
2024-09-28 21:24:38,290 - INFO - Все пины инициализированы. Начинаем последовательную активацию реле.
2024-09-28 21:24:38,291 - INFO - 1: Реле на пине 17 активировано (LOW)
2024-09-28 21:24:40,292 - INFO - 2: Реле на пине 27 активировано (LOW)
2024-09-28 21:24:42,293 - INFO - 3: Реле на пине 22 активировано (LOW)
2024-09-28 21:24:44,294 - INFO - 4: Реле на пине 13 активировано (LOW)
2024-09-28 21:24:46,295 - INFO - 5: Реле на пине 19 активировано (LOW)
2024-09-28 21:24:48,296 - INFO - 6: Реле на пине 26 активировано (LOW)
2024-09-28 21:24:50,296 - INFO - Все реле активированы. Завершаем программу.
2024-09-28 21:24:50,297 - INFO - GPIO очищены. Программа завершена.
2024-09-28 21:25:18,382 - INFO - Пин 17 настроен как выход с состоянием HIGH
2024-09-28 21:25:18,434 - INFO - Пин 27 настроен как выход с состоянием HIGH
2024-09-28 21:25:18,486 - INFO - Пин 22 настроен как выход с состоянием HIGH
2024-09-28 21:25:18,538 - INFO - Пин 13 настроен как выход с состоянием HIGH
2024-09-28 21:25:18,589 - INFO - Пин 19 настроен как выход с состоянием HIGH
2024-09-28 21:25:18,641 - INFO - Пин 26 настроен как выход с состоянием HIGH
2024-09-28 21:25:18,693 - INFO - Все пины инициализированы. Начинаем последовательную активацию реле.
2024-09-28 21:25:18,694 - INFO - 1: Реле на пине 17 активировано (LOW)
2024-09-28 21:25:20,695 - INFO - 2: Реле на пине 27 активировано (LOW)
2024-09-28 21:25:22,696 - INFO - 3: Реле на пине 22 активировано (LOW)
2024-09-28 21:25:24,697 - INFO - 4: Реле на пине 13 активировано (LOW)
2024-09-28 21:25:26,699 - INFO - 5: Реле на пине 19 активировано (LOW)
2024-09-28 21:25:28,700 - INFO - 6: Реле на пине 26 активировано (LOW)
2024-09-28 21:25:30,701 - INFO - Все реле активированы. Завершаем программу.
2024-09-28 21:25:30,702 - INFO - GPIO очищены. Программа завершена.
2024-09-28 21:25:43,523 - INFO - Пин 17 настроен как выход с состоянием HIGH
2024-09-28 21:25:43,574 - INFO - Пин 27 настроен как выход с состоянием HIGH
2024-09-28 21:25:43,625 - INFO - Пин 22 настроен как выход с состоянием HIGH
2024-09-28 21:25:43,678 - INFO - Пин 13 настроен как выход с состоянием HIGH
2024-09-28 21:25:43,730 - INFO - Пин 19 настроен как выход с состоянием HIGH
2024-09-28 21:25:43,782 - INFO - Пин 26 настроен как выход с состоянием HIGH
2024-09-28 21:25:43,833 - INFO - Все пины инициализированы. Начинаем последовательную активацию реле.
2024-09-28 21:25:43,834 - INFO - 1: Реле на пине 17 активировано (LOW)
2024-09-28 21:25:45,836 - INFO - 2: Реле на пине 27 активировано (LOW)
2024-09-28 21:25:47,836 - INFO - 3: Реле на пине 22 активировано (LOW)
2024-09-28 21:25:49,837 - INFO - 4: Реле на пине 13 активировано (LOW)
2024-09-28 21:25:51,838 - INFO - 5: Реле на пине 19 активировано (LOW)
2024-09-28 21:25:53,838 - INFO - 6: Реле на пине 26 активировано (LOW)
2024-09-28 21:25:55,839 - INFO - Все реле активированы. Завершаем программу.
2024-09-28 21:25:55,840 - INFO - GPIO очищены. Программа завершена.
2024-09-28 21:25:58,214 - INFO - Пин 17 настроен как выход с состоянием HIGH
2024-09-28 21:25:58,278 - INFO - Пин 27 настроен как выход с состоянием HIGH
2024-09-28 21:25:58,330 - INFO - Пин 22 настроен как выход с состоянием HIGH
2024-09-28 21:25:58,383 - INFO - Пин 13 настроен как выход с состоянием HIGH
2024-09-28 21:25:58,434 - INFO - Пин 19 настроен как выход с состоянием HIGH
2024-09-28 21:25:58,487 - INFO - Пин 26 настроен как выход с состоянием HIGH
2024-09-28 21:25:58,541 - INFO - Все пины инициализированы. Начинаем последовательную активацию реле.
2024-09-28 21:25:58,546 - INFO - 1: Реле на пине 17 активировано (LOW)
2024-09-28 21:25:59,050 - INFO - 2: Реле на пине 27 активировано (LOW)
2024-09-28 21:25:59,553 - INFO - 3: Реле на пине 22 активировано (LOW)
2024-09-28 21:26:00,055 - INFO - 4: Реле на пине 13 активировано (LOW)
2024-09-28 21:26:00,556 - INFO - 5: Реле на пине 19 активировано (LOW)
2024-09-28 21:26:01,057 - INFO - 6: Реле на пине 26 активировано (LOW)
2024-09-28 21:26:01,558 - INFO - Все реле активированы. Завершаем программу.
2024-09-28 21:26:01,559 - INFO - GPIO очищены. Программа завершена.
2024-09-28 21:36:13,886 - INFO - Пин 17 настроен как выход с состоянием HIGH
2024-09-28 21:36:13,943 - INFO - Пин 27 настроен как выход с состоянием HIGH
2024-09-28 21:36:13,994 - INFO - Пин 22 настроен как выход с состоянием HIGH
2024-09-28 21:36:14,045 - INFO - Пин 13 настроен как выход с состоянием HIGH
2024-09-28 21:36:14,097 - INFO - Пин 19 настроен как выход с состоянием HIGH
2024-09-28 21:36:14,148 - INFO - Пин 26 настроен как выход с состоянием HIGH
2024-09-28 21:36:14,200 - INFO - Все пины инициализированы. Начинаем последовательную активацию реле.
2024-09-28 21:36:14,203 - INFO - 1: Реле на пине 17 активировано (LOW)
2024-09-28 21:36:14,704 - INFO - 2: Реле на пине 27 активировано (LOW)
2024-09-28 21:36:15,205 - INFO - 3: Реле на пине 22 активировано (LOW)
2024-09-28 21:36:15,706 - INFO - 4: Реле на пине 13 активировано (LOW)
2024-09-28 21:36:16,206 - INFO - 5: Реле на пине 19 активировано (LOW)
2024-09-28 21:36:16,707 - INFO - 6: Реле на пине 26 активировано (LOW)
2024-09-28 21:36:17,208 - INFO - Все реле активированы. Завершаем программу.
2024-09-28 21:36:17,208 - INFO - GPIO очищены. Программа завершена.
2024-09-28 21:36:20,625 - INFO - Пин 17 настроен как выход с состоянием HIGH
2024-09-28 21:36:20,679 - INFO - Пин 27 настроен как выход с состоянием HIGH
2024-09-28 21:36:20,731 - INFO - Пин 22 настроен как выход с состоянием HIGH
2024-09-28 21:36:20,783 - INFO - Пин 13 настроен как выход с состоянием HIGH
2024-09-28 21:36:20,834 - INFO - Пин 19 настроен как выход с состоянием HIGH
2024-09-28 21:36:20,886 - INFO - Пин 26 настроен как выход с состоянием HIGH
2024-09-28 21:36:20,937 - INFO - Все пины инициализированы. Начинаем последовательную активацию реле.
2024-09-28 21:36:20,940 - INFO - 1: Реле на пине 17 активировано (LOW)
2024-09-28 21:36:21,444 - INFO - 2: Реле на пине 27 активировано (LOW)
2024-09-28 21:36:21,945 - INFO - 3: Реле на пине 22 активировано (LOW)
2024-09-28 21:36:22,446 - INFO - 4: Реле на пине 13 активировано (LOW)
2024-09-28 21:36:22,947 - INFO - 5: Реле на пине 19 активировано (LOW)
2024-09-28 21:36:23,447 - INFO - 6: Реле на пине 26 активировано (LOW)
2024-09-28 21:36:23,948 - INFO - Все реле активированы. Завершаем программу.
2024-09-28 21:36:23,949 - INFO - GPIO очищены. Программа завершена.
2024-09-28 21:37:09,084 - INFO - Пин 17 настроен как выход с состоянием HIGH
2024-09-28 21:37:09,136 - INFO - Пин 27 настроен как выход с состоянием HIGH
2024-09-28 21:37:09,187 - INFO - Пин 22 настроен как выход с состоянием HIGH
2024-09-28 21:37:09,239 - INFO - Пин 13 настроен как выход с состоянием HIGH
2024-09-28 21:37:09,290 - INFO - Пин 19 настроен как выход с состоянием HIGH
2024-09-28 21:37:09,341 - INFO - Пин 26 настроен как выход с состоянием HIGH
2024-09-28 21:37:09,392 - INFO - Все пины инициализированы. Начинаем последовательную активацию реле.
2024-09-28 21:37:09,393 - INFO - 1: Реле на пине 17 активировано (LOW)
2024-09-28 21:37:09,894 - INFO - 2: Реле на пине 27 активировано (LOW)
2024-09-28 21:37:10,395 - INFO - 3: Реле на пине 22 активировано (LOW)
2024-09-28 21:37:10,896 - INFO - 4: Реле на пине 13 активировано (LOW)
2024-09-28 21:37:11,396 - INFO - 5: Реле на пине 19 активировано (LOW)
2024-09-28 21:37:11,897 - INFO - 6: Реле на пине 26 активировано (LOW)
2024-09-28 21:37:12,398 - INFO - Все реле активированы. Завершаем программу.
2024-09-28 21:37:12,398 - INFO - GPIO очищены. Программа завершена.
2024-09-28 21:37:31,410 - INFO - Пин 17 настроен как выход с состоянием HIGH
2024-09-28 21:37:31,461 - INFO - Пин 27 настроен как выход с состоянием HIGH
2024-09-28 21:37:31,513 - INFO - Пин 22 настроен как выход с состоянием HIGH
2024-09-28 21:37:31,564 - INFO - Пин 13 настроен как выход с состоянием HIGH
2024-09-28 21:37:31,615 - INFO - Пин 19 настроен как выход с состоянием HIGH
2024-09-28 21:37:31,667 - INFO - Пин 26 настроен как выход с состоянием HIGH
2024-09-28 21:37:31,719 - INFO - Все пины инициализированы. Начинаем последовательную активацию реле.
2024-09-28 21:37:31,720 - INFO - 1: Реле на пине 17 активировано (LOW)
2024-09-28 21:37:32,221 - INFO - 2: Реле на пине 27 активировано (LOW)
2024-09-28 21:37:32,721 - INFO - 3: Реле на пине 22 активировано (LOW)
2024-09-28 21:37:33,222 - INFO - 4: Реле на пине 13 активировано (LOW)
2024-09-28 21:37:33,723 - INFO - 5: Реле на пине 19 активировано (LOW)
2024-09-28 21:37:34,224 - INFO - 6: Реле на пине 26 активировано (LOW)
2024-09-28 21:37:34,724 - INFO - Все реле активированы. Завершаем программу.
2024-09-28 21:37:34,725 - INFO - GPIO очищены. Программа завершена.
2024-09-28 21:37:49,896 - INFO - Пин 17 настроен как выход с состоянием HIGH
2024-09-28 21:37:50,899 - INFO - Пин 27 настроен как выход с состоянием HIGH
2024-09-28 21:37:51,901 - INFO - Пин 22 настроен как выход с состоянием HIGH
2024-09-28 21:37:52,902 - INFO - Пин 13 настроен как выход с состоянием HIGH
2024-09-28 21:37:53,903 - INFO - Пин 19 настроен как выход с состоянием HIGH
2024-09-28 21:37:54,904 - INFO - Пин 26 настроен как выход с состоянием HIGH
2024-09-28 21:37:55,904 - INFO - Все пины инициализированы. Начинаем последовательную активацию реле.
2024-09-28 21:37:55,905 - INFO - 1: Реле на пине 17 активировано (LOW)
2024-09-28 21:37:56,405 - INFO - 2: Реле на пине 27 активировано (LOW)
2024-09-28 21:37:56,906 - INFO - 3: Реле на пине 22 активировано (LOW)
2024-09-28 21:37:57,407 - INFO - 4: Реле на пине 13 активировано (LOW)
2024-09-28 21:37:57,907 - INFO - 5: Реле на пине 19 активировано (LOW)
2024-09-28 21:37:58,408 - INFO - 6: Реле на пине 26 активировано (LOW)
2024-09-28 21:37:58,909 - INFO - Все реле активированы. Завершаем программу.
2024-09-28 21:37:58,910 - INFO - GPIO очищены. Программа завершена.
2024-09-28 23:46:56,747 - INFO - Пин 13 настроен как выход с состоянием HIGH
2024-09-28 23:46:57,751 - INFO - Пин 19 настроен как выход с состоянием HIGH
2024-09-28 23:46:58,751 - INFO - Пин 26 настроен как выход с состоянием HIGH
2024-09-28 23:46:59,752 - INFO - Все пины инициализированы. Начинаем последовательную активацию реле.
2024-09-28 23:46:59,753 - INFO - 1: Реле на пине 13 активировано (LOW)
2024-09-28 23:47:00,253 - INFO - 2: Реле на пине 19 активировано (LOW)
2024-09-28 23:47:00,754 - INFO - 3: Реле на пине 26 активировано (LOW)
2024-09-28 23:47:01,254 - INFO - Все реле активированы. Завершаем программу.
2024-09-28 23:47:01,255 - INFO - GPIO очищены. Программа завершена.
2024-09-28 23:52:39,493 - INFO - Пин 13 настроен как выход с состоянием HIGH
2024-09-28 23:52:40,495 - INFO - Пин 19 настроен как выход с состоянием HIGH
2024-09-28 23:52:41,495 - INFO - Пин 26 настроен как выход с состоянием HIGH
2024-09-28 23:52:42,496 - INFO - Все пины инициализированы. Начинаем последовательную активацию реле.
2024-09-28 23:52:42,497 - INFO - 1: Реле на пине 13 активировано (LOW)
2024-09-28 23:52:42,997 - INFO - 2: Реле на пине 19 активировано (LOW)
2024-09-28 23:52:43,498 - INFO - 3: Реле на пине 26 активировано (LOW)
2024-09-28 23:52:43,998 - INFO - Все реле активированы. Завершаем программу.
2024-09-28 23:52:43,999 - INFO - 1: Реле на пине 13 deактивировано ()
2024-09-28 23:52:44,500 - INFO - 2: Реле на пине 19 deактивировано ()
2024-09-28 23:52:45,001 - INFO - 3: Реле на пине 26 deактивировано ()
2024-09-28 23:52:45,502 - INFO - GPIO очищены. Программа завершена.
2024-09-28 23:52:48,707 - INFO - Пин 13 настроен как выход с состоянием HIGH
2024-09-28 23:52:49,709 - INFO - Пин 19 настроен как выход с состоянием HIGH
2024-09-28 23:52:50,710 - INFO - Пин 26 настроен как выход с состоянием HIGH
2024-09-28 23:52:51,714 - INFO - Все пины инициализированы. Начинаем последовательную активацию реле.
2024-09-28 23:52:51,715 - INFO - 1: Реле на пине 13 активировано (LOW)
2024-09-28 23:52:52,216 - INFO - 2: Реле на пине 19 активировано (LOW)
2024-09-28 23:52:52,716 - INFO - 3: Реле на пине 26 активировано (LOW)
2024-09-28 23:52:53,217 - INFO - Все реле активированы. Завершаем программу.
2024-09-28 23:52:53,218 - INFO - 1: Реле на пине 13 deактивировано ()
2024-09-28 23:52:53,718 - INFO - 2: Реле на пине 19 deактивировано ()
2024-09-28 23:52:54,219 - INFO - 3: Реле на пине 26 deактивировано ()
2024-09-28 23:52:54,719 - INFO - GPIO очищены. Программа завершена.
2024-09-28 23:53:06,451 - INFO - Пин 13 настроен как выход с состоянием HIGH
2024-09-28 23:53:07,453 - INFO - Пин 19 настроен как выход с состоянием HIGH
2024-09-28 23:53:08,453 - INFO - Пин 26 настроен как выход с состоянием HIGH
2024-09-28 23:53:09,454 - INFO - Все пины инициализированы. Начинаем последовательную активацию реле.
2024-09-28 23:53:09,455 - INFO - 1: Реле на пине 13 активировано (LOW)
2024-09-28 23:53:09,955 - INFO - 2: Реле на пине 19 активировано (LOW)
2024-09-28 23:53:10,456 - INFO - 3: Реле на пине 26 активировано (LOW)
2024-09-28 23:53:10,957 - INFO - Все реле активированы. Завершаем программу.
2024-09-28 23:53:10,962 - INFO - 1: Реле на пине 13 deактивировано ()
2024-09-28 23:53:11,463 - INFO - 2: Реле на пине 19 deактивировано ()
2024-09-28 23:53:11,964 - INFO - 3: Реле на пине 26 deактивировано ()
2024-09-28 23:53:12,464 - INFO - GPIO очищены. Программа завершена.
2024-09-28 23:53:27,409 - INFO - Пин 13 настроен как выход с состоянием HIGH
2024-09-28 23:53:28,410 - INFO - Пин 19 настроен как выход с состоянием HIGH
2024-09-28 23:53:29,411 - INFO - Пин 26 настроен как выход с состоянием HIGH
2024-09-28 23:53:30,412 - INFO - Все пины инициализированы. Начинаем последовательную активацию реле.
2024-09-28 23:53:30,412 - INFO - 1: Реле на пине 13 активировано (LOW)
2024-09-28 23:53:31,413 - INFO - 2: Реле на пине 19 активировано (LOW)
2024-09-28 23:53:32,414 - INFO - 3: Реле на пине 26 активировано (LOW)
2024-09-28 23:53:33,419 - INFO - Все реле активированы. Завершаем программу.
2024-09-28 23:53:33,419 - INFO - 1: Реле на пине 13 deактивировано ()
2024-09-28 23:53:34,420 - INFO - 2: Реле на пине 19 deактивировано ()
2024-09-28 23:53:35,420 - INFO - 3: Реле на пине 26 deактивировано ()
2024-09-28 23:53:36,421 - INFO - GPIO очищены. Программа завершена.
2024-09-28 23:55:31,522 - INFO - Пин 13 настроен как выход с состоянием HIGH
2024-09-28 23:55:32,523 - INFO - Пин 19 настроен как выход с состоянием HIGH
2024-09-28 23:55:33,524 - INFO - Пин 26 настроен как выход с состоянием HIGH
2024-09-28 23:55:34,525 - INFO - Все пины инициализированы. Начинаем последовательную активацию реле.
2024-09-28 23:55:34,525 - INFO - 1: Реле на пине 13 активировано (LOW)
2024-09-28 23:55:35,526 - INFO - 2: Реле на пине 19 активировано (LOW)
2024-09-28 23:55:36,527 - INFO - 3: Реле на пине 26 активировано (LOW)
2024-09-28 23:55:37,531 - INFO - Все реле активированы. Завершаем программу.
2024-09-28 23:55:37,532 - INFO - 1: Реле на пине 13 deактивировано ()
2024-09-28 23:55:38,532 - INFO - 2: Реле на пине 19 deактивировано ()
2024-09-28 23:55:39,533 - INFO - 3: Реле на пине 26 deактивировано ()
2024-09-28 23:55:40,534 - INFO - GPIO очищены. Программа завершена.
2024-09-28 23:56:36,930 - INFO - Пин 13 настроен как выход с состоянием HIGH
2024-09-28 23:56:37,931 - INFO - Пин 19 настроен как выход с состоянием HIGH
2024-09-28 23:56:38,932 - INFO - Пин 26 настроен как выход с состоянием HIGH
2024-09-28 23:56:39,933 - INFO - Все пины инициализированы. Начинаем последовательную активацию реле.
2024-09-28 23:56:39,933 - INFO - 1: Реле на пине 13 активировано (LOW)
2024-09-28 23:56:40,934 - INFO - 2: Реле на пине 19 активировано (LOW)
2024-09-28 23:56:41,936 - INFO - 3: Реле на пине 26 активировано (LOW)
2024-09-28 23:56:42,940 - INFO - Все реле активированы. Завершаем программу.
2024-09-28 23:56:42,941 - INFO - 1: Реле на пине 13 deактивировано ()
2024-09-28 23:56:43,941 - INFO - 2: Реле на пине 19 deактивировано ()
2024-09-28 23:56:44,942 - INFO - 3: Реле на пине 26 deактивировано ()
2024-09-28 23:56:45,943 - INFO - GPIO очищены. Программа завершена.
2024-09-28 23:57:02,320 - INFO - Пин 13 настроен как выход с состоянием HIGH
2024-09-28 23:57:03,321 - INFO - Пин 19 настроен как выход с состоянием HIGH
2024-09-28 23:57:04,322 - INFO - Пин 26 настроен как выход с состоянием HIGH
2024-09-28 23:57:05,323 - INFO - Все пины инициализированы. Начинаем последовательную активацию реле.
2024-09-28 23:57:05,323 - INFO - 1: Реле на пине 13 активировано (LOW)
2024-09-28 23:57:06,324 - INFO - 2: Реле на пине 19 активировано (LOW)
2024-09-28 23:57:07,326 - INFO - 3: Реле на пине 26 активировано (LOW)
2024-09-28 23:57:08,327 - INFO - Все реле активированы. Завершаем программу.
2024-09-28 23:57:08,328 - INFO - 1: Реле на пине 13 deактивировано ()
2024-09-28 23:57:09,329 - INFO - 2: Реле на пине 19 deактивировано ()
2024-09-28 23:57:10,330 - INFO - 3: Реле на пине 26 deактивировано ()
2024-09-28 23:57:11,331 - INFO - GPIO очищены. Программа завершена.
2024-09-28 23:57:12,117 - INFO - Пин 13 настроен как выход с состоянием HIGH
2024-09-28 23:57:13,119 - INFO - Пин 19 настроен как выход с состоянием HIGH
2024-09-28 23:57:14,120 - INFO - Пин 26 настроен как выход с состоянием HIGH
2024-09-28 23:57:15,121 - INFO - Все пины инициализированы. Начинаем последовательную активацию реле.
2024-09-28 23:57:15,122 - INFO - 1: Реле на пине 13 активировано (LOW)
2024-09-28 23:57:16,122 - INFO - 2: Реле на пине 19 активировано (LOW)
2024-09-28 23:57:17,123 - INFO - 3: Реле на пине 26 активировано (LOW)
2024-09-28 23:57:18,124 - INFO - Все реле активированы. Завершаем программу.
2024-09-28 23:57:18,125 - INFO - 1: Реле на пине 13 deактивировано ()
2024-09-28 23:57:19,125 - INFO - 2: Реле на пине 19 deактивировано ()
2024-09-28 23:57:20,126 - INFO - 3: Реле на пине 26 deактивировано ()
2024-09-28 23:57:21,127 - INFO - GPIO очищены. Программа завершена.
2024-09-28 23:57:23,806 - INFO - Пин 13 настроен как выход с состоянием HIGH
2024-09-28 23:57:24,811 - INFO - Пин 19 настроен как выход с состоянием HIGH
2024-09-28 23:57:25,812 - INFO - Пин 26 настроен как выход с состоянием HIGH
2024-09-28 23:57:26,813 - INFO - Все пины инициализированы. Начинаем последовательную активацию реле.
2024-09-28 23:57:26,814 - INFO - 1: Реле на пине 13 активировано (LOW)
2024-09-28 23:57:27,814 - INFO - 2: Реле на пине 19 активировано (LOW)
2024-09-28 23:57:28,815 - INFO - 3: Реле на пине 26 активировано (LOW)
2024-09-28 23:57:29,820 - INFO - Все реле активированы. Завершаем программу.
2024-09-28 23:57:29,820 - INFO - 1: Реле на пине 13 deактивировано ()
2024-09-28 23:57:30,821 - INFO - 2: Реле на пине 19 deактивировано ()
2024-09-28 23:57:31,821 - INFO - 3: Реле на пине 26 deактивировано ()
2024-09-28 23:57:32,822 - INFO - GPIO очищены. Программа завершена.
2024-09-28 23:57:45,642 - INFO - Пин 13 настроен как выход с состоянием HIGH
2024-09-28 23:57:45,693 - INFO - Пин 19 настроен как выход с состоянием HIGH
2024-09-28 23:57:45,745 - INFO - Пин 26 настроен как выход с состоянием HIGH
2024-09-28 23:57:45,796 - INFO - Все пины инициализированы. Начинаем последовательную активацию реле.
2024-09-28 23:57:45,797 - INFO - 1: Реле на пине 13 активировано (LOW)
2024-09-28 23:57:46,798 - INFO - 2: Реле на пине 19 активировано (LOW)
2024-09-28 23:57:47,799 - INFO - 3: Реле на пине 26 активировано (LOW)
2024-09-28 23:57:48,800 - INFO - Все реле активированы. Завершаем программу.
2024-09-28 23:57:48,800 - INFO - 1: Реле на пине 13 deактивировано ()
2024-09-28 23:57:49,801 - INFO - 2: Реле на пине 19 deактивировано ()
2024-09-28 23:57:50,801 - INFO - 3: Реле на пине 26 deактивировано ()
2024-09-28 23:57:51,803 - INFO - GPIO очищены. Программа завершена.
2024-09-28 23:57:56,137 - INFO - Пин 13 настроен как выход с состоянием HIGH
2024-09-28 23:57:56,189 - INFO - Пин 19 настроен как выход с состоянием HIGH
2024-09-28 23:57:56,241 - INFO - Пин 26 настроен как выход с состоянием HIGH
2024-09-28 23:57:56,293 - INFO - Все пины инициализированы. Начинаем последовательную активацию реле.
2024-09-28 23:57:56,294 - INFO - 1: Реле на пине 13 активировано (LOW)
2024-09-28 23:57:57,296 - INFO - 2: Реле на пине 19 активировано (LOW)
2024-09-28 23:57:58,296 - INFO - 3: Реле на пине 26 активировано (LOW)
2024-09-28 23:57:59,297 - INFO - Все реле активированы. Завершаем программу.
2024-09-28 23:57:59,298 - INFO - 1: Реле на пине 13 deактивировано ()
2024-09-28 23:58:00,298 - INFO - 2: Реле на пине 19 deактивировано ()
2024-09-28 23:58:01,299 - INFO - 3: Реле на пине 26 deактивировано ()
2024-09-28 23:58:02,300 - INFO - GPIO очищены. Программа завершена.
2024-09-29 10:25:56,303 - INFO - Пин 13 настроен как выход с состоянием HIGH
2024-09-29 10:25:56,354 - INFO - Пин 19 настроен как выход с состоянием HIGH
2024-09-29 10:25:56,407 - INFO - Пин 26 настроен как выход с состоянием HIGH
2024-09-29 10:25:56,460 - INFO - Все пины инициализированы. Начинаем последовательную активацию реле.
2024-09-29 10:25:56,461 - INFO - 1: Реле на пине 13 активировано (LOW)
2024-09-29 10:25:57,462 - INFO - 2: Реле на пине 19 активировано (LOW)
2024-09-29 10:25:58,463 - INFO - 3: Реле на пине 26 активировано (LOW)
2024-09-29 10:25:59,465 - INFO - Все реле активированы. Завершаем программу.
2024-09-29 10:25:59,470 - INFO - 1: Реле на пине 13 deактивировано ()
2024-09-29 10:26:00,472 - INFO - 2: Реле на пине 19 deактивировано ()
2024-09-29 10:26:01,474 - INFO - 3: Реле на пине 26 deактивировано ()
2024-09-29 10:26:02,476 - INFO - GPIO очищены. Программа завершена.
2024-09-29 10:27:47,745 - INFO - Пин 13 настроен как выход с состоянием HIGH
2024-09-29 10:27:47,800 - INFO - Пин 19 настроен как выход с состоянием HIGH
2024-09-29 10:27:47,854 - INFO - Пин 26 настроен как выход с состоянием HIGH
2024-09-29 10:27:47,906 - INFO - Все пины инициализированы. Начинаем последовательную активацию реле.
2024-09-29 10:27:47,909 - INFO - 1: Реле на пине 13 активировано (LOW)
2024-09-29 10:27:48,916 - INFO - 2: Реле на пине 19 активировано (LOW)
2024-09-29 10:27:49,917 - INFO - 3: Реле на пине 26 активировано (LOW)
2024-09-29 10:27:50,918 - INFO - Все реле активированы. Завершаем программу.
2024-09-29 10:27:50,920 - INFO - 1: Реле на пине 13 deактивировано ()
2024-09-29 10:27:51,921 - INFO - 2: Реле на пине 19 deактивировано ()
2024-09-29 10:27:52,923 - INFO - 3: Реле на пине 26 deактивировано ()
2024-09-29 10:27:53,924 - INFO - Пин 13 настроен как выход с состоянием HIGH
2024-09-29 10:27:53,976 - INFO - Пин 19 настроен как выход с состоянием HIGH
2024-09-29 10:27:54,029 - INFO - Пин 26 настроен как выход с состоянием HIGH
2024-09-29 10:27:54,082 - INFO - Все пины инициализированы. Начинаем последовательную активацию реле.
2024-09-29 10:27:54,083 - INFO - 1: Реле на пине 13 активировано (LOW)
2024-09-29 10:27:55,091 - INFO - 2: Реле на пине 19 активировано (LOW)
2024-09-29 10:27:56,091 - INFO - 3: Реле на пине 26 активировано (LOW)
2024-09-29 10:27:57,092 - INFO - Все реле активированы. Завершаем программу.
2024-09-29 10:27:57,094 - INFO - 1: Реле на пине 13 deактивировано ()
2024-09-29 10:27:58,097 - INFO - 2: Реле на пине 19 deактивировано ()
2024-09-29 10:27:59,100 - INFO - 3: Реле на пине 26 deактивировано ()
2024-09-29 10:28:00,101 - INFO - Пин 13 настроен как выход с состоянием HIGH
2024-09-29 10:28:00,153 - INFO - Пин 19 настроен как выход с состоянием HIGH
2024-09-29 10:28:00,206 - INFO - Пин 26 настроен как выход с состоянием HIGH
2024-09-29 10:28:00,262 - INFO - Все пины инициализированы. Начинаем последовательную активацию реле.
2024-09-29 10:28:00,263 - INFO - 1: Реле на пине 13 активировано (LOW)
2024-09-29 10:28:01,264 - INFO - 2: Реле на пине 19 активировано (LOW)
2024-09-29 10:28:02,266 - INFO - 3: Реле на пине 26 активировано (LOW)
2024-09-29 10:28:03,268 - INFO - Все реле активированы. Завершаем программу.
2024-09-29 10:28:03,271 - INFO - 1: Реле на пине 13 deактивировано ()
2024-09-29 10:28:04,276 - INFO - 2: Реле на пине 19 deактивировано ()
2024-09-29 10:28:05,282 - INFO - 3: Реле на пине 26 deактивировано ()
2024-09-29 10:28:06,285 - INFO - Пин 13 настроен как выход с состоянием HIGH
2024-09-29 10:28:06,339 - INFO - Пин 19 настроен как выход с состоянием HIGH
2024-09-29 10:28:06,390 - INFO - Пин 26 настроен как выход с состоянием HIGH
2024-09-29 10:28:06,442 - INFO - Все пины инициализированы. Начинаем последовательную активацию реле.
2024-09-29 10:28:06,445 - INFO - 1: Реле на пине 13 активировано (LOW)
2024-09-29 10:28:07,447 - INFO - 2: Реле на пине 19 активировано (LOW)
2024-09-29 10:28:08,450 - INFO - 3: Реле на пине 26 активировано (LOW)
2024-09-29 10:28:09,455 - INFO - Все реле активированы. Завершаем программу.
2024-09-29 10:28:09,456 - INFO - 1: Реле на пине 13 deактивировано ()
2024-09-29 10:28:10,457 - INFO - 2: Реле на пине 19 deактивировано ()
2024-09-29 10:28:11,460 - INFO - 3: Реле на пине 26 deактивировано ()
2024-09-29 10:28:12,463 - INFO - Пин 13 настроен как выход с состоянием HIGH
2024-09-29 10:28:12,514 - INFO - Пин 19 настроен как выход с состоянием HIGH
2024-09-29 10:28:12,568 - INFO - Пин 26 настроен как выход с состоянием HIGH
2024-09-29 10:28:12,620 - INFO - Все пины инициализированы. Начинаем последовательную активацию реле.
2024-09-29 10:28:12,622 - INFO - 1: Реле на пине 13 активировано (LOW)
2024-09-29 10:28:13,625 - INFO - 2: Реле на пине 19 активировано (LOW)
2024-09-29 10:28:14,628 - INFO - 3: Реле на пине 26 активировано (LOW)
2024-09-29 10:28:15,629 - INFO - Все реле активированы. Завершаем программу.
2024-09-29 10:28:15,630 - INFO - 1: Реле на пине 13 deактивировано ()
2024-09-29 10:28:16,631 - INFO - 2: Реле на пине 19 deактивировано ()
2024-09-29 10:28:17,632 - INFO - 3: Реле на пине 26 deактивировано ()
2024-09-29 10:28:18,633 - INFO - Пин 13 настроен как выход с состоянием HIGH
2024-09-29 10:28:18,684 - INFO - Пин 19 настроен как выход с состоянием HIGH
2024-09-29 10:28:18,737 - INFO - Пин 26 настроен как выход с состоянием HIGH
2024-09-29 10:28:18,790 - INFO - Все пины инициализированы. Начинаем последовательную активацию реле.
2024-09-29 10:28:18,793 - INFO - 1: Реле на пине 13 активировано (LOW)
2024-09-29 10:28:19,796 - INFO - 2: Реле на пине 19 активировано (LOW)
2024-09-29 10:28:20,800 - INFO - 3: Реле на пине 26 активировано (LOW)
2024-09-29 10:28:21,802 - INFO - Все реле активированы. Завершаем программу.
2024-09-29 10:28:21,803 - INFO - 1: Реле на пине 13 deактивировано ()
2024-09-29 10:28:22,805 - INFO - 2: Реле на пине 19 deактивировано ()
2024-09-29 10:28:23,808 - INFO - 3: Реле на пине 26 deактивировано ()
2024-09-29 10:28:24,812 - INFO - Пин 13 настроен как выход с состоянием HIGH
2024-09-29 10:28:24,864 - INFO - Пин 19 настроен как выход с состоянием HIGH
2024-09-29 10:28:24,917 - INFO - Пин 26 настроен как выход с состоянием HIGH
2024-09-29 10:28:24,972 - INFO - Все пины инициализированы. Начинаем последовательную активацию реле.
2024-09-29 10:28:24,977 - INFO - 1: Реле на пине 13 активировано (LOW)
2024-09-29 10:28:25,984 - INFO - 2: Реле на пине 19 активировано (LOW)
2024-09-29 10:28:26,986 - INFO - 3: Реле на пине 26 активировано (LOW)
2024-09-29 10:28:27,988 - INFO - Все реле активированы. Завершаем программу.
2024-09-29 10:28:27,989 - INFO - 1: Реле на пине 13 deактивировано ()
2024-09-29 10:28:28,990 - INFO - 2: Реле на пине 19 deактивировано ()
2024-09-29 10:28:29,994 - INFO - 3: Реле на пине 26 deактивировано ()
2024-09-29 10:28:30,997 - INFO - Пин 13 настроен как выход с состоянием HIGH
2024-09-29 10:28:31,050 - INFO - Пин 19 настроен как выход с состоянием HIGH
2024-09-29 10:28:31,104 - INFO - Пин 26 настроен как выход с состоянием HIGH
2024-09-29 10:28:31,156 - INFO - Все пины инициализированы. Начинаем последовательную активацию реле.
2024-09-29 10:28:31,158 - INFO - 1: Реле на пине 13 активировано (LOW)
2024-09-29 10:28:32,159 - INFO - 2: Реле на пине 19 активировано (LOW)
2024-09-29 10:28:33,162 - INFO - 3: Реле на пине 26 активировано (LOW)
2024-09-29 10:28:34,163 - INFO - Все реле активированы. Завершаем программу.
2024-09-29 10:28:34,163 - INFO - 1: Реле на пине 13 deактивировано ()
2024-09-29 10:28:35,164 - INFO - 2: Реле на пине 19 deактивировано ()
2024-09-29 10:28:36,165 - INFO - 3: Реле на пине 26 deактивировано ()
2024-09-29 10:28:37,166 - INFO - Пин 13 настроен как выход с состоянием HIGH
2024-09-29 10:28:37,217 - INFO - Пин 19 настроен как выход с состоянием HIGH
2024-09-29 10:28:37,270 - INFO - Пин 26 настроен как выход с состоянием HIGH
2024-09-29 10:28:37,323 - INFO - Все пины инициализированы. Начинаем последовательную активацию реле.
2024-09-29 10:28:37,328 - INFO - 1: Реле на пине 13 активировано (LOW)
2024-09-29 10:28:38,329 - INFO - 2: Реле на пине 19 активировано (LOW)
2024-09-29 10:28:39,332 - INFO - 3: Реле на пине 26 активировано (LOW)
2024-09-29 10:28:40,334 - INFO - Все реле активированы. Завершаем программу.
2024-09-29 10:28:40,342 - INFO - 1: Реле на пине 13 deактивировано ()
2024-09-29 10:28:41,349 - INFO - 2: Реле на пине 19 deактивировано ()
2024-09-29 10:28:42,350 - INFO - 3: Реле на пине 26 deактивировано ()
2024-09-29 10:28:43,360 - INFO - Пин 13 настроен как выход с состоянием HIGH
2024-09-29 10:28:43,416 - INFO - Пин 19 настроен как выход с состоянием HIGH
2024-09-29 10:28:43,468 - INFO - Пин 26 настроен как выход с состоянием HIGH
2024-09-29 10:28:43,522 - INFO - Все пины инициализированы. Начинаем последовательную активацию реле.
2024-09-29 10:28:43,524 - INFO - 1: Реле на пине 13 активировано (LOW)
2024-09-29 10:28:44,527 - INFO - 2: Реле на пине 19 активировано (LOW)
2024-09-29 10:28:45,529 - INFO - 3: Реле на пине 26 активировано (LOW)
2024-09-29 10:28:46,530 - INFO - Все реле активированы. Завершаем программу.
2024-09-29 10:28:46,534 - INFO - 1: Реле на пине 13 deактивировано ()
2024-09-29 10:28:47,536 - INFO - 2: Реле на пине 19 deактивировано ()
2024-09-29 10:28:48,537 - INFO - 3: Реле на пине 26 deактивировано ()
2024-09-29 10:28:49,538 - INFO - Пин 13 настроен как выход с состоянием HIGH
2024-09-29 10:28:49,589 - INFO - Пин 19 настроен как выход с состоянием HIGH
2024-09-29 10:28:49,647 - INFO - Пин 26 настроен как выход с состоянием HIGH
2024-09-29 10:28:49,703 - INFO - Все пины инициализированы. Начинаем последовательную активацию реле.
2024-09-29 10:28:49,704 - INFO - 1: Реле на пине 13 активировано (LOW)
2024-09-29 10:28:50,705 - INFO - 2: Реле на пине 19 активировано (LOW)
2024-09-29 10:28:51,706 - INFO - 3: Реле на пине 26 активировано (LOW)
2024-09-29 10:28:52,707 - INFO - Все реле активированы. Завершаем программу.
2024-09-29 10:28:52,708 - INFO - 1: Реле на пине 13 deактивировано ()
2024-09-29 10:28:53,709 - INFO - 2: Реле на пине 19 deактивировано ()
2024-09-29 10:28:54,709 - INFO - 3: Реле на пине 26 deактивировано ()
2024-09-29 10:28:55,713 - INFO - Пин 13 настроен как выход с состоянием HIGH
2024-09-29 10:28:55,768 - INFO - Пин 19 настроен как выход с состоянием HIGH
2024-09-29 10:28:55,831 - INFO - Пин 26 настроен как выход с состоянием HIGH
2024-09-29 10:28:55,887 - INFO - Все пины инициализированы. Начинаем последовательную активацию реле.
2024-09-29 10:28:55,896 - INFO - 1: Реле на пине 13 активировано (LOW)
2024-09-29 10:28:56,905 - INFO - 2: Реле на пине 19 активировано (LOW)
2024-09-29 10:28:57,909 - INFO - 3: Реле на пине 26 активировано (LOW)
2024-09-29 10:28:58,913 - INFO - Все реле активированы. Завершаем программу.
2024-09-29 10:28:58,916 - INFO - 1: Реле на пине 13 deактивировано ()
2024-09-29 10:28:59,917 - INFO - 2: Реле на пине 19 deактивировано ()
2024-09-29 10:29:00,930 - INFO - 3: Реле на пине 26 deактивировано ()
2024-09-29 10:29:01,933 - INFO - Пин 13 настроен как выход с состоянием HIGH
2024-09-29 10:29:01,987 - INFO - Пин 19 настроен как выход с состоянием HIGH
2024-09-29 10:29:02,041 - INFO - Пин 26 настроен как выход с состоянием HIGH
2024-09-29 10:29:02,096 - INFO - Все пины инициализированы. Начинаем последовательную активацию реле.
2024-09-29 10:29:02,099 - INFO - 1: Реле на пине 13 активировано (LOW)
2024-09-29 10:29:03,105 - INFO - 2: Реле на пине 19 активировано (LOW)
2024-09-29 10:29:04,107 - INFO - 3: Реле на пине 26 активировано (LOW)
2024-09-29 10:29:05,108 - INFO - Все реле активированы. Завершаем программу.
2024-09-29 10:29:05,110 - INFO - 1: Реле на пине 13 deактивировано ()
2024-09-29 10:29:06,112 - INFO - 2: Реле на пине 19 deактивировано ()
2024-09-29 10:29:07,113 - INFO - 3: Реле на пине 26 deактивировано ()
2024-09-29 10:29:08,115 - INFO - Пин 13 настроен как выход с состоянием HIGH
2024-09-29 10:29:08,167 - INFO - Пин 19 настроен как выход с состоянием HIGH
2024-09-29 10:29:08,222 - INFO - Пин 26 настроен как выход с состоянием HIGH
2024-09-29 10:29:08,277 - INFO - Все пины инициализированы. Начинаем последовательную активацию реле.
2024-09-29 10:29:08,278 - INFO - 1: Реле на пине 13 активировано (LOW)
2024-09-29 10:29:09,279 - INFO - 2: Реле на пине 19 активировано (LOW)
2024-09-29 10:29:10,281 - INFO - 3: Реле на пине 26 активировано (LOW)
2024-09-29 10:29:11,285 - INFO - Все реле активированы. Завершаем программу.
2024-09-29 10:29:11,288 - INFO - 1: Реле на пине 13 deактивировано ()
2024-09-29 10:29:12,290 - INFO - 2: Реле на пине 19 deактивировано ()
2024-09-29 10:29:13,291 - INFO - 3: Реле на пине 26 deактивировано ()
2024-09-29 10:29:14,293 - INFO - Пин 13 настроен как выход с состоянием HIGH
2024-09-29 10:29:14,344 - INFO - Пин 19 настроен как выход с состоянием HIGH
2024-09-29 10:29:14,397 - INFO - Пин 26 настроен как выход с состоянием HIGH
2024-09-29 10:29:14,449 - INFO - Все пины инициализированы. Начинаем последовательную активацию реле.
2024-09-29 10:29:14,452 - INFO - 1: Реле на пине 13 активировано (LOW)
2024-09-29 10:29:15,453 - INFO - 2: Реле на пине 19 активировано (LOW)
2024-09-29 10:29:16,454 - INFO - 3: Реле на пине 26 активировано (LOW)
2024-09-29 10:29:17,456 - INFO - Все реле активированы. Завершаем программу.
2024-09-29 10:29:17,458 - INFO - 1: Реле на пине 13 deактивировано ()
2024-09-29 10:29:18,461 - INFO - 2: Реле на пине 19 deактивировано ()
2024-09-29 10:29:19,463 - INFO - 3: Реле на пине 26 deактивировано ()
2024-09-29 10:29:20,468 - INFO - Пин 13 настроен как выход с состоянием HIGH
2024-09-29 10:29:20,524 - INFO - Пин 19 настроен как выход с состоянием HIGH
2024-09-29 10:29:20,583 - INFO - Пин 26 настроен как выход с состоянием HIGH
2024-09-29 10:29:20,638 - INFO - Все пины инициализированы. Начинаем последовательную активацию реле.
2024-09-29 10:29:20,644 - INFO - 1: Реле на пине 13 активировано (LOW)
2024-09-29 10:29:21,648 - INFO - 2: Реле на пине 19 активировано (LOW)
2024-09-29 10:29:22,649 - INFO - 3: Реле на пине 26 активировано (LOW)
2024-09-29 10:29:23,651 - INFO - Все реле активированы. Завершаем программу.
2024-09-29 10:29:23,653 - INFO - 1: Реле на пине 13 deактивировано ()
2024-09-29 10:29:24,654 - INFO - 2: Реле на пине 19 deактивировано ()
2024-09-29 10:29:25,657 - INFO - 3: Реле на пине 26 deактивировано ()
2024-09-29 10:29:26,658 - INFO - Пин 13 настроен как выход с состоянием HIGH
2024-09-29 10:29:26,714 - INFO - Пин 19 настроен как выход с состоянием HIGH
2024-09-29 10:29:26,766 - INFO - Пин 26 настроен как выход с состоянием HIGH
2024-09-29 10:29:26,817 - INFO - Все пины инициализированы. Начинаем последовательную активацию реле.
2024-09-29 10:29:26,818 - INFO - 1: Реле на пине 13 активировано (LOW)
2024-09-29 10:29:27,824 - INFO - 2: Реле на пине 19 активировано (LOW)
2024-09-29 10:29:28,827 - INFO - 3: Реле на пине 26 активировано (LOW)
2024-09-29 10:29:29,828 - INFO - Все реле активированы. Завершаем программу.
2024-09-29 10:29:29,829 - INFO - 1: Реле на пине 13 deактивировано ()
2024-09-29 10:29:30,831 - INFO - 2: Реле на пине 19 deактивировано ()
2024-09-29 10:29:31,833 - INFO - 3: Реле на пине 26 deактивировано ()
2024-09-29 10:29:32,837 - INFO - Пин 13 настроен как выход с состоянием HIGH
2024-09-29 10:29:32,888 - INFO - Пин 19 настроен как выход с состоянием HIGH
2024-09-29 10:29:32,942 - INFO - Пин 26 настроен как выход с состоянием HIGH
2024-09-29 10:29:32,993 - INFO - Все пины инициализированы. Начинаем последовательную активацию реле.
2024-09-29 10:29:32,996 - INFO - 1: Реле на пине 13 активировано (LOW)
2024-09-29 10:29:33,998 - INFO - 2: Реле на пине 19 активировано (LOW)
2024-09-29 10:29:35,001 - INFO - 3: Реле на пине 26 активировано (LOW)
2024-09-29 10:29:36,004 - INFO - Все реле активированы. Завершаем программу.
2024-09-29 10:29:36,005 - INFO - 1: Реле на пине 13 deактивировано ()
2024-09-29 10:29:37,007 - INFO - 2: Реле на пине 19 deактивировано ()
2024-09-29 10:29:38,009 - INFO - 3: Реле на пине 26 deактивировано ()
2024-09-29 10:29:39,012 - INFO - Пин 13 настроен как выход с состоянием HIGH
2024-09-29 10:29:39,065 - INFO - Пин 19 настроен как выход с состоянием HIGH
2024-09-29 10:29:39,120 - INFO - Пин 26 настроен как выход с состоянием HIGH
2024-09-29 10:29:39,173 - INFO - Все пины инициализированы. Начинаем последовательную активацию реле.
2024-09-29 10:29:39,181 - INFO - 1: Реле на пине 13 активировано (LOW)
2024-09-29 10:29:40,182 - INFO - 2: Реле на пине 19 активировано (LOW)
2024-09-29 10:29:41,184 - INFO - 3: Реле на пине 26 активировано (LOW)
2024-09-29 10:29:42,185 - INFO - Все реле активированы. Завершаем программу.
2024-09-29 10:29:42,188 - INFO - 1: Реле на пине 13 deактивировано ()
2024-09-29 10:29:43,189 - INFO - 2: Реле на пине 19 deактивировано ()
2024-09-29 10:29:44,190 - INFO - 3: Реле на пине 26 deактивировано ()
2024-09-29 10:29:45,192 - INFO - Пин 13 настроен как выход с состоянием HIGH
2024-09-29 10:29:45,243 - INFO - Пин 19 настроен как выход с состоянием HIGH
2024-09-29 10:29:45,295 - INFO - Пин 26 настроен как выход с состоянием HIGH
2024-09-29 10:29:45,347 - INFO - Все пины инициализированы. Начинаем последовательную активацию реле.
2024-09-29 10:29:45,349 - INFO - 1: Реле на пине 13 активировано (LOW)
2024-09-29 10:29:46,351 - INFO - 2: Реле на пине 19 активировано (LOW)
2024-09-29 10:29:47,352 - INFO - 3: Реле на пине 26 активировано (LOW)
2024-09-29 10:29:48,353 - INFO - Все реле активированы. Завершаем программу.
2024-09-29 10:29:48,354 - INFO - 1: Реле на пине 13 deактивировано ()
2024-09-29 10:29:49,354 - INFO - 2: Реле на пине 19 deактивировано ()
2024-09-29 10:29:50,356 - INFO - 3: Реле на пине 26 deактивировано ()
2024-09-29 10:29:51,357 - INFO - Пин 13 настроен как выход с состоянием HIGH
2024-09-29 10:29:51,408 - INFO - Пин 19 настроен как выход с состоянием HIGH
2024-09-29 10:29:51,461 - INFO - Пин 26 настроен как выход с состоянием HIGH
2024-09-29 10:29:51,513 - INFO - Все пины инициализированы. Начинаем последовательную активацию реле.
2024-09-29 10:29:51,514 - INFO - 1: Реле на пине 13 активировано (LOW)
2024-09-29 10:29:52,517 - INFO - 2: Реле на пине 19 активировано (LOW)
2024-09-29 10:29:53,520 - INFO - 3: Реле на пине 26 активировано (LOW)
2024-09-29 10:29:54,522 - INFO - Все реле активированы. Завершаем программу.
2024-09-29 10:29:54,524 - INFO - 1: Реле на пине 13 deактивировано ()
2024-09-29 10:29:55,527 - INFO - 2: Реле на пине 19 deактивировано ()
2024-09-29 10:29:56,531 - INFO - 3: Реле на пине 26 deактивировано ()
2024-09-29 10:29:57,534 - INFO - Пин 13 настроен как выход с состоянием HIGH
2024-09-29 10:29:57,587 - INFO - Пин 19 настроен как выход с состоянием HIGH
2024-09-29 10:29:57,640 - INFO - Пин 26 настроен как выход с состоянием HIGH
2024-09-29 10:29:57,694 - INFO - Все пины инициализированы. Начинаем последовательную активацию реле.
2024-09-29 10:29:57,699 - INFO - 1: Реле на пине 13 активировано (LOW)
2024-09-29 10:29:58,702 - INFO - 2: Реле на пине 19 активировано (LOW)
2024-09-29 10:29:59,705 - INFO - 3: Реле на пине 26 активировано (LOW)
2024-09-29 10:30:00,708 - INFO - Все реле активированы. Завершаем программу.
2024-09-29 10:30:00,709 - INFO - 1: Реле на пине 13 deактивировано ()
2024-09-29 10:30:01,712 - INFO - 2: Реле на пине 19 deактивировано ()
2024-09-29 10:30:02,731 - INFO - 3: Реле на пине 26 deактивировано ()
2024-09-29 10:30:03,736 - INFO - Пин 13 настроен как выход с состоянием HIGH
2024-09-29 10:30:03,786 - INFO - Пин 19 настроен как выход с состоянием HIGH
2024-09-29 10:30:03,837 - INFO - Пин 26 настроен как выход с состоянием HIGH
2024-09-29 10:30:03,888 - INFO - Все пины инициализированы. Начинаем последовательную активацию реле.
2024-09-29 10:30:03,889 - INFO - 1: Реле на пине 13 активировано (LOW)
2024-09-29 10:30:04,890 - INFO - 2: Реле на пине 19 активировано (LOW)
2024-09-29 10:30:05,018 - WARNING - Программа прервана пользователем (KeyboardInterrupt).
2024-09-29 10:30:05,019 - INFO - GPIO очищены. Программа завершена.
2024-09-29 10:37:38,929 - INFO - Пин 13 настроен как выход с состоянием HIGH
2024-09-29 10:37:38,980 - INFO - Пин 19 настроен как выход с состоянием HIGH
2024-09-29 10:37:39,032 - INFO - Пин 26 настроен как выход с состоянием HIGH
2024-09-29 10:37:39,086 - INFO - Пин 17 настроен как выход с состоянием HIGH
2024-09-29 10:37:39,144 - INFO - Пин 27 настроен как выход с состоянием HIGH
2024-09-29 10:37:39,202 - INFO - Пин 22 настроен как выход с состоянием HIGH
2024-09-29 10:37:39,259 - INFO - Все пины инициализированы. Начинаем последовательную активацию реле.
2024-09-29 10:37:39,261 - INFO - 1: Реле на пине 13 активировано (LOW)
2024-09-29 10:37:40,262 - INFO - 2: Реле на пине 19 активировано (LOW)
2024-09-29 10:37:41,264 - INFO - 3: Реле на пине 26 активировано (LOW)
2024-09-29 10:37:42,267 - INFO - 4: Реле на пине 17 активировано (LOW)
2024-09-29 10:37:43,268 - INFO - 5: Реле на пине 27 активировано (LOW)
2024-09-29 10:37:44,270 - INFO - 6: Реле на пине 22 активировано (LOW)
2024-09-29 10:37:45,272 - INFO - Все реле активированы. Завершаем программу.
2024-09-29 10:37:45,275 - INFO - 1: Реле на пине 13 deактивировано ()
2024-09-29 10:37:46,276 - INFO - 2: Реле на пине 19 deактивировано ()
2024-09-29 10:37:47,278 - INFO - 3: Реле на пине 26 deактивировано ()
2024-09-29 10:37:48,281 - INFO - 4: Реле на пине 17 deактивировано ()
2024-09-29 10:37:49,282 - INFO - 5: Реле на пине 27 deактивировано ()
2024-09-29 10:37:50,284 - INFO - 6: Реле на пине 22 deактивировано ()
2024-09-29 10:37:51,286 - INFO - Пин 13 настроен как выход с состоянием HIGH
2024-09-29 10:37:51,337 - INFO - Пин 19 настроен как выход с состоянием HIGH
2024-09-29 10:37:51,392 - INFO - Пин 26 настроен как выход с состоянием HIGH
2024-09-29 10:37:51,443 - INFO - Пин 17 настроен как выход с состоянием HIGH
2024-09-29 10:37:51,495 - INFO - Пин 27 настроен как выход с состоянием HIGH
2024-09-29 10:37:51,549 - INFO - Пин 22 настроен как выход с состоянием HIGH
2024-09-29 10:37:51,602 - INFO - Все пины инициализированы. Начинаем последовательную активацию реле.
2024-09-29 10:37:51,603 - INFO - 1: Реле на пине 13 активировано (LOW)
2024-09-29 10:37:52,606 - INFO - 2: Реле на пине 19 активировано (LOW)
2024-09-29 10:37:53,610 - INFO - 3: Реле на пине 26 активировано (LOW)
2024-09-29 10:37:54,611 - INFO - 4: Реле на пине 17 активировано (LOW)
2024-09-29 10:37:55,615 - INFO - 5: Реле на пине 27 активировано (LOW)
2024-09-29 10:37:56,618 - INFO - 6: Реле на пине 22 активировано (LOW)
2024-09-29 10:37:57,621 - INFO - Все реле активированы. Завершаем программу.
2024-09-29 10:37:57,623 - INFO - 1: Реле на пине 13 deактивировано ()
2024-09-29 10:37:58,625 - INFO - 2: Реле на пине 19 deактивировано ()
2024-09-29 10:37:59,627 - INFO - 3: Реле на пине 26 deактивировано ()
2024-09-29 10:38:00,629 - INFO - 4: Реле на пине 17 deактивировано ()
2024-09-29 10:38:01,632 - INFO - 5: Реле на пине 27 deактивировано ()
2024-09-29 10:38:02,640 - INFO - 6: Реле на пине 22 deактивировано ()
2024-09-29 10:38:03,641 - INFO - Пин 13 настроен как выход с состоянием HIGH
2024-09-29 10:38:03,694 - INFO - Пин 19 настроен как выход с состоянием HIGH
2024-09-29 10:38:03,749 - INFO - Пин 26 настроен как выход с состоянием HIGH
2024-09-29 10:38:03,808 - INFO - Пин 17 настроен как выход с состоянием HIGH
2024-09-29 10:38:03,860 - INFO - Пин 27 настроен как выход с состоянием HIGH
2024-09-29 10:38:03,911 - INFO - Пин 22 настроен как выход с состоянием HIGH
2024-09-29 10:38:03,964 - INFO - Все пины инициализированы. Начинаем последовательную активацию реле.
2024-09-29 10:38:03,967 - INFO - 1: Реле на пине 13 активировано (LOW)
2024-09-29 10:38:04,968 - INFO - 2: Реле на пине 19 активировано (LOW)
2024-09-29 10:38:05,969 - INFO - 3: Реле на пине 26 активировано (LOW)
2024-09-29 10:38:06,971 - INFO - 4: Реле на пине 17 активировано (LOW)
2024-09-29 10:38:07,974 - INFO - 5: Реле на пине 27 активировано (LOW)
2024-09-29 10:38:08,976 - INFO - 6: Реле на пине 22 активировано (LOW)
2024-09-29 10:38:10,011 - INFO - Все реле активированы. Завершаем программу.
2024-09-29 10:38:10,012 - INFO - 1: Реле на пине 13 deактивировано ()
2024-09-29 10:38:11,013 - INFO - 2: Реле на пине 19 deактивировано ()
2024-09-29 10:38:12,016 - INFO - 3: Реле на пине 26 deактивировано ()
2024-09-29 10:38:13,017 - INFO - 4: Реле на пине 17 deактивировано ()
2024-09-29 10:38:14,018 - INFO - 5: Реле на пине 27 deактивировано ()
2024-09-29 10:38:15,020 - INFO - 6: Реле на пине 22 deактивировано ()
2024-09-29 10:38:16,022 - INFO - Пин 13 настроен как выход с состоянием HIGH
2024-09-29 10:38:16,078 - INFO - Пин 19 настроен как выход с состоянием HIGH
2024-09-29 10:38:16,130 - INFO - Пин 26 настроен как выход с состоянием HIGH
2024-09-29 10:38:16,186 - INFO - Пин 17 настроен как выход с состоянием HIGH
2024-09-29 10:38:16,241 - INFO - Пин 27 настроен как выход с состоянием HIGH
2024-09-29 10:38:16,293 - INFO - Пин 22 настроен как выход с состоянием HIGH
2024-09-29 10:38:16,345 - INFO - Все пины инициализированы. Начинаем последовательную активацию реле.
2024-09-29 10:38:16,346 - INFO - 1: Реле на пине 13 активировано (LOW)
2024-09-29 10:38:17,348 - INFO - 2: Реле на пине 19 активировано (LOW)
2024-09-29 10:38:18,351 - INFO - 3: Реле на пине 26 активировано (LOW)
2024-09-29 10:38:19,355 - INFO - 4: Реле на пине 17 активировано (LOW)
2024-09-29 10:38:20,357 - INFO - 5: Реле на пине 27 активировано (LOW)
2024-09-29 10:38:21,360 - INFO - 6: Реле на пине 22 активировано (LOW)
2024-09-29 10:38:22,362 - INFO - Все реле активированы. Завершаем программу.
2024-09-29 10:38:22,363 - INFO - 1: Реле на пине 13 deактивировано ()
2024-09-29 10:38:23,363 - INFO - 2: Реле на пине 19 deактивировано ()
2024-09-29 10:38:24,365 - INFO - 3: Реле на пине 26 deактивировано ()
2024-09-29 10:38:25,367 - INFO - 4: Реле на пине 17 deактивировано ()
2024-09-29 10:38:26,368 - INFO - 5: Реле на пине 27 deактивировано ()
2024-09-29 10:38:27,370 - INFO - 6: Реле на пине 22 deактивировано ()
2024-09-29 10:38:28,371 - INFO - Пин 13 настроен как выход с состоянием HIGH
2024-09-29 10:38:28,423 - INFO - Пин 19 настроен как выход с состоянием HIGH
2024-09-29 10:38:28,475 - INFO - Пин 26 настроен как выход с состоянием HIGH
2024-09-29 10:38:28,528 - INFO - Пин 17 настроен как выход с состоянием HIGH
2024-09-29 10:38:28,579 - INFO - Пин 27 настроен как выход с состоянием HIGH
2024-09-29 10:38:28,634 - INFO - Пин 22 настроен как выход с состоянием HIGH
2024-09-29 10:38:28,685 - INFO - Все пины инициализированы. Начинаем последовательную активацию реле.
2024-09-29 10:38:28,687 - INFO - 1: Реле на пине 13 активировано (LOW)
2024-09-29 10:38:29,688 - INFO - 2: Реле на пине 19 активировано (LOW)
2024-09-29 10:38:30,692 - INFO - 3: Реле на пине 26 активировано (LOW)
2024-09-29 10:38:31,693 - INFO - 4: Реле на пине 17 активировано (LOW)
2024-09-29 10:38:32,695 - INFO - 5: Реле на пине 27 активировано (LOW)
2024-09-29 10:38:33,697 - INFO - 6: Реле на пине 22 активировано (LOW)
2024-09-29 10:38:34,700 - INFO - Все реле активированы. Завершаем программу.
2024-09-29 10:38:34,702 - INFO - 1: Реле на пине 13 deактивировано ()
2024-09-29 10:38:35,707 - INFO - 2: Реле на пине 19 deактивировано ()
2024-09-29 10:38:36,710 - INFO - 3: Реле на пине 26 deактивировано ()
2024-09-29 10:38:37,711 - INFO - 4: Реле на пине 17 deактивировано ()
2024-09-29 10:38:38,713 - INFO - 5: Реле на пине 27 deактивировано ()
2024-09-29 10:38:39,714 - INFO - 6: Реле на пине 22 deактивировано ()
2024-09-29 10:38:40,716 - INFO - Пин 13 настроен как выход с состоянием HIGH
2024-09-29 10:38:40,768 - INFO - Пин 19 настроен как выход с состоянием HIGH
2024-09-29 10:38:40,823 - INFO - Пин 26 настроен как выход с состоянием HIGH
2024-09-29 10:38:40,877 - INFO - Пин 17 настроен как выход с состоянием HIGH
2024-09-29 10:38:40,931 - INFO - Пин 27 настроен как выход с состоянием HIGH
2024-09-29 10:38:40,985 - INFO - Пин 22 настроен как выход с состоянием HIGH
2024-09-29 10:38:41,036 - INFO - Все пины инициализированы. Начинаем последовательную активацию реле.
2024-09-29 10:38:41,037 - INFO - 1: Реле на пине 13 активировано (LOW)
2024-09-29 10:38:42,037 - INFO - 2: Реле на пине 19 активировано (LOW)
2024-09-29 10:38:43,040 - INFO - 3: Реле на пине 26 активировано (LOW)
2024-09-29 10:38:44,043 - INFO - 4: Реле на пине 17 активировано (LOW)
2024-09-29 10:38:45,046 - INFO - 5: Реле на пине 27 активировано (LOW)
2024-09-29 10:38:46,048 - INFO - 6: Реле на пине 22 активировано (LOW)
2024-09-29 10:38:47,049 - INFO - Все реле активированы. Завершаем программу.
2024-09-29 10:38:47,051 - INFO - 1: Реле на пине 13 deактивировано ()
2024-09-29 10:38:48,055 - INFO - 2: Реле на пине 19 deактивировано ()
2024-09-29 10:38:49,056 - INFO - 3: Реле на пине 26 deактивировано ()
2024-09-29 10:38:50,059 - INFO - 4: Реле на пине 17 deактивировано ()
2024-09-29 10:38:51,060 - INFO - 5: Реле на пине 27 deактивировано ()
2024-09-29 10:38:52,062 - INFO - 6: Реле на пине 22 deактивировано ()
2024-09-29 10:38:53,068 - INFO - Пин 13 настроен как выход с состоянием HIGH
2024-09-29 10:38:53,120 - INFO - Пин 19 настроен как выход с состоянием HIGH
2024-09-29 10:38:53,178 - INFO - Пин 26 настроен как выход с состоянием HIGH
2024-09-29 10:38:53,231 - INFO - Пин 17 настроен как выход с состоянием HIGH
2024-09-29 10:38:53,285 - INFO - Пин 27 настроен как выход с состоянием HIGH
2024-09-29 10:38:53,337 - INFO - Пин 22 настроен как выход с состоянием HIGH
2024-09-29 10:38:53,388 - INFO - Все пины инициализированы. Начинаем последовательную активацию реле.
2024-09-29 10:38:53,388 - INFO - 1: Реле на пине 13 активировано (LOW)
2024-09-29 10:38:54,391 - INFO - 2: Реле на пине 19 активировано (LOW)
2024-09-29 10:38:55,392 - INFO - 3: Реле на пине 26 активировано (LOW)
2024-09-29 10:38:56,393 - INFO - 4: Реле на пине 17 активировано (LOW)
2024-09-29 10:38:57,396 - INFO - 5: Реле на пине 27 активировано (LOW)
2024-09-29 10:38:58,400 - INFO - 6: Реле на пине 22 активировано (LOW)
2024-09-29 10:38:59,401 - INFO - Все реле активированы. Завершаем программу.
2024-09-29 10:38:59,406 - INFO - 1: Реле на пине 13 deактивировано ()
2024-09-29 10:39:00,415 - INFO - 2: Реле на пине 19 deактивировано ()
2024-09-29 10:39:01,417 - INFO - 3: Реле на пине 26 deактивировано ()
2024-09-29 10:39:02,418 - INFO - 4: Реле на пине 17 deактивировано ()
2024-09-29 10:39:03,421 - INFO - 5: Реле на пине 27 deактивировано ()
2024-09-29 10:39:04,423 - INFO - 6: Реле на пине 22 deактивировано ()
2024-09-29 10:39:05,427 - INFO - Пин 13 настроен как выход с состоянием HIGH
2024-09-29 10:39:05,479 - INFO - Пин 19 настроен как выход с состоянием HIGH
2024-09-29 10:39:05,532 - INFO - Пин 26 настроен как выход с состоянием HIGH
2024-09-29 10:39:05,583 - INFO - Пин 17 настроен как выход с состоянием HIGH
2024-09-29 10:39:05,636 - INFO - Пин 27 настроен как выход с состоянием HIGH
2024-09-29 10:39:05,687 - INFO - Пин 22 настроен как выход с состоянием HIGH
2024-09-29 10:39:05,740 - INFO - Все пины инициализированы. Начинаем последовательную активацию реле.
2024-09-29 10:39:05,743 - INFO - 1: Реле на пине 13 активировано (LOW)
2024-09-29 10:39:06,744 - INFO - 2: Реле на пине 19 активировано (LOW)
2024-09-29 10:39:07,745 - INFO - 3: Реле на пине 26 активировано (LOW)
2024-09-29 10:39:08,747 - INFO - 4: Реле на пине 17 активировано (LOW)
2024-09-29 10:39:09,748 - INFO - 5: Реле на пине 27 активировано (LOW)
2024-09-29 10:39:10,752 - INFO - 6: Реле на пине 22 активировано (LOW)
2024-09-29 10:39:11,755 - INFO - Все реле активированы. Завершаем программу.
2024-09-29 10:39:11,757 - INFO - 1: Реле на пине 13 deактивировано ()
2024-09-29 10:39:12,759 - INFO - 2: Реле на пине 19 deактивировано ()
2024-09-29 10:39:13,761 - INFO - 3: Реле на пине 26 deактивировано ()
2024-09-29 10:39:14,763 - INFO - 4: Реле на пине 17 deактивировано ()
2024-09-29 10:39:15,767 - INFO - 5: Реле на пине 27 deактивировано ()
2024-09-29 10:39:16,771 - INFO - 6: Реле на пине 22 deактивировано ()
2024-09-29 10:39:17,773 - INFO - Пин 13 настроен как выход с состоянием HIGH
2024-09-29 10:39:17,826 - INFO - Пин 19 настроен как выход с состоянием HIGH
2024-09-29 10:39:17,885 - INFO - Пин 26 настроен как выход с состоянием HIGH
2024-09-29 10:39:17,938 - INFO - Пин 17 настроен как выход с состоянием HIGH
2024-09-29 10:39:17,992 - INFO - Пин 27 настроен как выход с состоянием HIGH
2024-09-29 10:39:18,044 - INFO - Пин 22 настроен как выход с состоянием HIGH
2024-09-29 10:39:18,098 - INFO - Все пины инициализированы. Начинаем последовательную активацию реле.
2024-09-29 10:39:18,099 - INFO - 1: Реле на пине 13 активировано (LOW)
2024-09-29 10:39:19,100 - INFO - 2: Реле на пине 19 активировано (LOW)
2024-09-29 10:39:20,102 - INFO - 3: Реле на пине 26 активировано (LOW)
2024-09-29 10:39:21,104 - INFO - 4: Реле на пине 17 активировано (LOW)
2024-09-29 10:39:22,105 - INFO - 5: Реле на пине 27 активировано (LOW)
2024-09-29 10:39:23,108 - INFO - 6: Реле на пине 22 активировано (LOW)
2024-09-29 10:39:24,110 - INFO - Все реле активированы. Завершаем программу.
2024-09-29 10:39:24,112 - INFO - 1: Реле на пине 13 deактивировано ()
2024-09-29 10:39:25,113 - INFO - 2: Реле на пине 19 deактивировано ()
2024-09-29 10:39:26,115 - INFO - 3: Реле на пине 26 deактивировано ()
2024-09-29 10:39:27,116 - INFO - 4: Реле на пине 17 deактивировано ()
2024-09-29 10:39:28,117 - INFO - 5: Реле на пине 27 deактивировано ()
2024-09-29 10:39:29,118 - INFO - 6: Реле на пине 22 deактивировано ()
2024-09-29 10:39:30,120 - INFO - Пин 13 настроен как выход с состоянием HIGH
2024-09-29 10:39:30,171 - INFO - Пин 19 настроен как выход с состоянием HIGH
2024-09-29 10:39:30,222 - INFO - Пин 26 настроен как выход с состоянием HIGH
2024-09-29 10:39:30,276 - INFO - Пин 17 настроен как выход с состоянием HIGH
2024-09-29 10:39:30,330 - INFO - Пин 27 настроен как выход с состоянием HIGH
2024-09-29 10:39:30,383 - INFO - Пин 22 настроен как выход с состоянием HIGH
2024-09-29 10:39:30,436 - INFO - Все пины инициализированы. Начинаем последовательную активацию реле.
2024-09-29 10:39:30,437 - INFO - 1: Реле на пине 13 активировано (LOW)
2024-09-29 10:39:31,438 - INFO - 2: Реле на пине 19 активировано (LOW)
2024-09-29 10:39:32,440 - INFO - 3: Реле на пине 26 активировано (LOW)
2024-09-29 10:39:33,445 - INFO - 4: Реле на пине 17 активировано (LOW)
2024-09-29 10:39:34,447 - INFO - 5: Реле на пине 27 активировано (LOW)
2024-09-29 10:39:35,450 - INFO - 6: Реле на пине 22 активировано (LOW)
2024-09-29 10:39:36,457 - INFO - Все реле активированы. Завершаем программу.
2024-09-29 10:39:36,462 - INFO - 1: Реле на пине 13 deактивировано ()
2024-09-29 10:39:37,464 - INFO - 2: Реле на пине 19 deактивировано ()
2024-09-29 10:39:38,466 - INFO - 3: Реле на пине 26 deактивировано ()
2024-09-29 10:39:39,468 - INFO - 4: Реле на пине 17 deактивировано ()
2024-09-29 10:39:40,475 - INFO - 5: Реле на пине 27 deактивировано ()
2024-09-29 10:39:41,479 - INFO - 6: Реле на пине 22 deактивировано ()
2024-09-29 10:39:42,480 - INFO - Пин 13 настроен как выход с состоянием HIGH
2024-09-29 10:39:42,531 - INFO - Пин 19 настроен как выход с состоянием HIGH
2024-09-29 10:39:42,584 - INFO - Пин 26 настроен как выход с состоянием HIGH
2024-09-29 10:39:42,638 - INFO - Пин 17 настроен как выход с состоянием HIGH
2024-09-29 10:39:42,692 - INFO - Пин 27 настроен как выход с состоянием HIGH
2024-09-29 10:39:42,748 - INFO - Пин 22 настроен как выход с состоянием HIGH
2024-09-29 10:39:42,799 - INFO - Все пины инициализированы. Начинаем последовательную активацию реле.
2024-09-29 10:39:42,802 - INFO - 1: Реле на пине 13 активировано (LOW)
2024-09-29 10:39:43,803 - INFO - 2: Реле на пине 19 активировано (LOW)
2024-09-29 10:39:44,806 - INFO - 3: Реле на пине 26 активировано (LOW)
2024-09-29 10:39:45,810 - INFO - 4: Реле на пине 17 активировано (LOW)
2024-09-29 10:39:46,810 - INFO - 5: Реле на пине 27 активировано (LOW)
2024-09-29 10:39:47,813 - INFO - 6: Реле на пине 22 активировано (LOW)
2024-09-29 10:39:48,814 - INFO - Все реле активированы. Завершаем программу.
2024-09-29 10:39:48,814 - INFO - 1: Реле на пине 13 deактивировано ()
2024-09-29 10:39:49,816 - INFO - 2: Реле на пине 19 deактивировано ()
2024-09-29 10:39:50,818 - INFO - 3: Реле на пине 26 deактивировано ()
2024-09-29 10:39:51,820 - INFO - 4: Реле на пине 17 deактивировано ()
2024-09-29 10:39:52,821 - INFO - 5: Реле на пине 27 deактивировано ()
2024-09-29 10:39:53,822 - INFO - 6: Реле на пине 22 deактивировано ()
2024-09-29 10:39:54,824 - INFO - Пин 13 настроен как выход с состоянием HIGH
2024-09-29 10:39:54,875 - INFO - Пин 19 настроен как выход с состоянием HIGH
2024-09-29 10:39:54,931 - INFO - Пин 26 настроен как выход с состоянием HIGH
2024-09-29 10:39:54,982 - INFO - Пин 17 настроен как выход с состоянием HIGH
2024-09-29 10:39:55,035 - INFO - Пин 27 настроен как выход с состоянием HIGH
2024-09-29 10:39:55,090 - INFO - Пин 22 настроен как выход с состоянием HIGH
2024-09-29 10:39:55,147 - INFO - Все пины инициализированы. Начинаем последовательную активацию реле.
2024-09-29 10:39:55,149 - INFO - 1: Реле на пине 13 активировано (LOW)
2024-09-29 10:39:56,152 - INFO - 2: Реле на пине 19 активировано (LOW)
2024-09-29 10:39:57,159 - INFO - 3: Реле на пине 26 активировано (LOW)
2024-09-29 10:39:58,164 - INFO - 4: Реле на пине 17 активировано (LOW)
2024-09-29 10:39:59,173 - INFO - 5: Реле на пине 27 активировано (LOW)
2024-09-29 10:40:00,174 - INFO - 6: Реле на пине 22 активировано (LOW)
2024-09-29 10:40:01,176 - INFO - Все реле активированы. Завершаем программу.
2024-09-29 10:40:01,178 - INFO - 1: Реле на пине 13 deактивировано ()
2024-09-29 10:40:02,180 - INFO - 2: Реле на пине 19 deактивировано ()
2024-09-29 10:40:03,183 - INFO - 3: Реле на пине 26 deактивировано ()
2024-09-29 10:40:04,188 - INFO - 4: Реле на пине 17 deактивировано ()
2024-09-29 10:40:05,190 - INFO - 5: Реле на пине 27 deактивировано ()
2024-09-29 10:40:06,192 - INFO - 6: Реле на пине 22 deактивировано ()
2024-09-29 10:40:07,200 - INFO - Пин 13 настроен как выход с состоянием HIGH
2024-09-29 10:40:07,253 - INFO - Пин 19 настроен как выход с состоянием HIGH
2024-09-29 10:40:07,306 - INFO - Пин 26 настроен как выход с состоянием HIGH
2024-09-29 10:40:07,359 - INFO - Пин 17 настроен как выход с состоянием HIGH
2024-09-29 10:40:07,412 - INFO - Пин 27 настроен как выход с состоянием HIGH
2024-09-29 10:40:07,463 - INFO - Пин 22 настроен как выход с состоянием HIGH
2024-09-29 10:40:07,515 - INFO - Все пины инициализированы. Начинаем последовательную активацию реле.
2024-09-29 10:40:07,517 - INFO - 1: Реле на пине 13 активировано (LOW)
2024-09-29 10:40:08,519 - INFO - 2: Реле на пине 19 активировано (LOW)
2024-09-29 10:40:09,525 - INFO - 3: Реле на пине 26 активировано (LOW)
2024-09-29 10:40:10,528 - INFO - 4: Реле на пине 17 активировано (LOW)
2024-09-29 10:40:11,533 - INFO - 5: Реле на пине 27 активировано (LOW)
2024-09-29 10:40:12,543 - INFO - 6: Реле на пине 22 активировано (LOW)
2024-09-29 10:40:13,546 - INFO - Все реле активированы. Завершаем программу.
2024-09-29 10:40:13,549 - INFO - 1: Реле на пине 13 deактивировано ()
2024-09-29 10:40:14,552 - INFO - 2: Реле на пине 19 deактивировано ()
2024-09-29 10:40:15,553 - INFO - 3: Реле на пине 26 deактивировано ()
2024-09-29 10:40:16,558 - INFO - 4: Реле на пине 17 deактивировано ()
2024-09-29 10:40:17,565 - INFO - 5: Реле на пине 27 deактивировано ()
2024-09-29 10:40:18,567 - INFO - 6: Реле на пине 22 deактивировано ()
2024-09-29 10:40:19,569 - INFO - Пин 13 настроен как выход с состоянием HIGH
2024-09-29 10:40:19,621 - INFO - Пин 19 настроен как выход с состоянием HIGH
2024-09-29 10:40:19,675 - INFO - Пин 26 настроен как выход с состоянием HIGH
2024-09-29 10:40:19,730 - INFO - Пин 17 настроен как выход с состоянием HIGH
2024-09-29 10:40:19,786 - INFO - Пин 27 настроен как выход с состоянием HIGH
2024-09-29 10:40:19,837 - INFO - Пин 22 настроен как выход с состоянием HIGH
2024-09-29 10:40:19,888 - INFO - Все пины инициализированы. Начинаем последовательную активацию реле.
2024-09-29 10:40:19,891 - INFO - 1: Реле на пине 13 активировано (LOW)
2024-09-29 10:40:20,893 - INFO - 2: Реле на пине 19 активировано (LOW)
2024-09-29 10:40:21,895 - INFO - 3: Реле на пине 26 активировано (LOW)
2024-09-29 10:40:22,908 - INFO - 4: Реле на пине 17 активировано (LOW)
2024-09-29 10:40:23,912 - INFO - 5: Реле на пине 27 активировано (LOW)
2024-09-29 10:40:24,913 - INFO - 6: Реле на пине 22 активировано (LOW)
2024-09-29 10:40:25,915 - INFO - Все реле активированы. Завершаем программу.
2024-09-29 10:40:25,916 - INFO - 1: Реле на пине 13 deактивировано ()
2024-09-29 10:40:26,917 - INFO - 2: Реле на пине 19 deактивировано ()
2024-09-29 10:40:27,918 - INFO - 3: Реле на пине 26 deактивировано ()
2024-09-29 10:40:28,919 - INFO - 4: Реле на пине 17 deактивировано ()
2024-09-29 10:40:29,920 - INFO - 5: Реле на пине 27 deактивировано ()
2024-09-29 10:40:30,923 - INFO - 6: Реле на пине 22 deактивировано ()
2024-09-29 10:40:31,925 - INFO - Пин 13 настроен как выход с состоянием HIGH
2024-09-29 10:40:31,976 - INFO - Пин 19 настроен как выход с состоянием HIGH
2024-09-29 10:40:32,028 - INFO - Пин 26 настроен как выход с состоянием HIGH
2024-09-29 10:40:32,080 - INFO - Пин 17 настроен как выход с состоянием HIGH
2024-09-29 10:40:32,135 - INFO - Пин 27 настроен как выход с состоянием HIGH
2024-09-29 10:40:32,188 - INFO - Пин 22 настроен как выход с состоянием HIGH
2024-09-29 10:40:32,247 - INFO - Все пины инициализированы. Начинаем последовательную активацию реле.
2024-09-29 10:40:32,256 - INFO - 1: Реле на пине 13 активировано (LOW)
2024-09-29 10:40:33,259 - INFO - 2: Реле на пине 19 активировано (LOW)
2024-09-29 10:40:34,266 - INFO - 3: Реле на пине 26 активировано (LOW)
2024-09-29 10:40:35,270 - INFO - 4: Реле на пине 17 активировано (LOW)
2024-09-29 10:40:36,275 - INFO - 5: Реле на пине 27 активировано (LOW)
2024-09-29 10:40:37,276 - INFO - 6: Реле на пине 22 активировано (LOW)
2024-09-29 10:40:38,287 - INFO - Все реле активированы. Завершаем программу.
2024-09-29 10:40:38,291 - INFO - 1: Реле на пине 13 deактивировано ()
2024-09-29 10:40:39,293 - INFO - 2: Реле на пине 19 deактивировано ()
2024-09-29 10:40:40,295 - INFO - 3: Реле на пине 26 deактивировано ()
2024-09-29 10:40:41,298 - INFO - 4: Реле на пине 17 deактивировано ()
2024-09-29 10:40:42,302 - INFO - 5: Реле на пине 27 deактивировано ()
2024-09-29 10:40:43,306 - INFO - 6: Реле на пине 22 deактивировано ()
2024-09-29 10:40:44,310 - INFO - Пин 13 настроен как выход с состоянием HIGH
2024-09-29 10:40:44,362 - INFO - Пин 19 настроен как выход с состоянием HIGH
2024-09-29 10:40:44,414 - INFO - Пин 26 настроен как выход с состоянием HIGH
2024-09-29 10:40:44,468 - INFO - Пин 17 настроен как выход с состоянием HIGH
2024-09-29 10:40:44,524 - INFO - Пин 27 настроен как выход с состоянием HIGH
2024-09-29 10:40:44,581 - INFO - Пин 22 настроен как выход с состоянием HIGH
2024-09-29 10:40:44,632 - INFO - Все пины инициализированы. Начинаем последовательную активацию реле.
2024-09-29 10:40:44,633 - INFO - 1: Реле на пине 13 активировано (LOW)
2024-09-29 10:40:45,635 - INFO - 2: Реле на пине 19 активировано (LOW)
2024-09-29 10:40:46,636 - INFO - 3: Реле на пине 26 активировано (LOW)
2024-09-29 10:40:47,639 - INFO - 4: Реле на пине 17 активировано (LOW)
2024-09-29 10:40:48,641 - INFO - 5: Реле на пине 27 активировано (LOW)
2024-09-29 10:40:49,643 - INFO - 6: Реле на пине 22 активировано (LOW)
2024-09-29 10:40:50,646 - INFO - Все реле активированы. Завершаем программу.
2024-09-29 10:40:50,649 - INFO - 1: Реле на пине 13 deактивировано ()
2024-09-29 10:40:51,651 - INFO - 2: Реле на пине 19 deактивировано ()
2024-09-29 10:40:52,653 - INFO - 3: Реле на пине 26 deактивировано ()
2024-09-29 10:40:53,655 - INFO - 4: Реле на пине 17 deактивировано ()
2024-09-29 10:40:54,658 - INFO - 5: Реле на пине 27 deактивировано ()
2024-09-29 10:40:55,661 - INFO - 6: Реле на пине 22 deактивировано ()
2024-09-29 10:40:56,661 - INFO - Пин 13 настроен как выход с состоянием HIGH
2024-09-29 10:40:56,713 - INFO - Пин 19 настроен как выход с состоянием HIGH
2024-09-29 10:40:56,767 - INFO - Пин 26 настроен как выход с состоянием HIGH
2024-09-29 10:40:56,823 - INFO - Пин 17 настроен как выход с состоянием HIGH
2024-09-29 10:40:56,875 - INFO - Пин 27 настроен как выход с состоянием HIGH
2024-09-29 10:40:56,928 - INFO - Пин 22 настроен как выход с состоянием HIGH
2024-09-29 10:40:56,982 - INFO - Все пины инициализированы. Начинаем последовательную активацию реле.
2024-09-29 10:40:56,985 - INFO - 1: Реле на пине 13 активировано (LOW)
2024-09-29 10:40:57,988 - INFO - 2: Реле на пине 19 активировано (LOW)
2024-09-29 10:40:58,990 - INFO - 3: Реле на пине 26 активировано (LOW)
2024-09-29 10:40:59,992 - INFO - 4: Реле на пине 17 активировано (LOW)
2024-09-29 10:41:00,995 - INFO - 5: Реле на пине 27 активировано (LOW)
2024-09-29 10:41:01,996 - INFO - 6: Реле на пине 22 активировано (LOW)
2024-09-29 10:41:02,998 - INFO - Все реле активированы. Завершаем программу.
2024-09-29 10:41:02,998 - INFO - 1: Реле на пине 13 deактивировано ()
2024-09-29 10:41:03,999 - INFO - 2: Реле на пине 19 deактивировано ()
2024-09-29 10:41:05,001 - INFO - 3: Реле на пине 26 deактивировано ()
2024-09-29 10:41:06,002 - INFO - 4: Реле на пине 17 deактивировано ()
2024-09-29 10:41:07,004 - INFO - 5: Реле на пине 27 deактивировано ()
2024-09-29 10:41:08,005 - INFO - 6: Реле на пине 22 deактивировано ()
2024-09-29 10:41:09,007 - INFO - Пин 13 настроен как выход с состоянием HIGH
2024-09-29 10:41:09,059 - INFO - Пин 19 настроен как выход с состоянием HIGH
2024-09-29 10:41:09,112 - INFO - Пин 26 настроен как выход с состоянием HIGH
2024-09-29 10:41:09,167 - INFO - Пин 17 настроен как выход с состоянием HIGH
2024-09-29 10:41:09,220 - INFO - Пин 27 настроен как выход с состоянием HIGH
2024-09-29 10:41:09,272 - INFO - Пин 22 настроен как выход с состоянием HIGH
2024-09-29 10:41:09,326 - INFO - Все пины инициализированы. Начинаем последовательную активацию реле.
2024-09-29 10:41:09,328 - INFO - 1: Реле на пине 13 активировано (LOW)
2024-09-29 10:41:10,330 - INFO - 2: Реле на пине 19 активировано (LOW)
2024-09-29 10:41:11,332 - INFO - 3: Реле на пине 26 активировано (LOW)
2024-09-29 10:41:12,335 - INFO - 4: Реле на пине 17 активировано (LOW)
2024-09-29 10:41:13,336 - INFO - 5: Реле на пине 27 активировано (LOW)
2024-09-29 10:41:14,339 - INFO - 6: Реле на пине 22 активировано (LOW)
2024-09-29 10:41:15,342 - INFO - Все реле активированы. Завершаем программу.
2024-09-29 10:41:15,344 - INFO - 1: Реле на пине 13 deактивировано ()
2024-09-29 10:41:16,345 - INFO - 2: Реле на пине 19 deактивировано ()
2024-09-29 10:41:17,346 - INFO - 3: Реле на пине 26 deактивировано ()
2024-09-29 10:41:18,355 - INFO - 4: Реле на пине 17 deактивировано ()
2024-09-29 10:41:19,365 - INFO - 5: Реле на пине 27 deактивировано ()
2024-09-29 10:41:20,372 - INFO - 6: Реле на пине 22 deактивировано ()
2024-09-29 10:41:21,373 - INFO - Пин 13 настроен как выход с состоянием HIGH
2024-09-29 10:41:21,426 - INFO - Пин 19 настроен как выход с состоянием HIGH
2024-09-29 10:41:21,477 - INFO - Пин 26 настроен как выход с состоянием HIGH
2024-09-29 10:41:21,529 - INFO - Пин 17 настроен как выход с состоянием HIGH
2024-09-29 10:41:21,581 - INFO - Пин 27 настроен как выход с состоянием HIGH
2024-09-29 10:41:21,634 - INFO - Пин 22 настроен как выход с состоянием HIGH
2024-09-29 10:41:21,685 - INFO - Все пины инициализированы. Начинаем последовательную активацию реле.
2024-09-29 10:41:21,686 - INFO - 1: Реле на пине 13 активировано (LOW)
2024-09-29 10:41:22,687 - INFO - 2: Реле на пине 19 активировано (LOW)
2024-09-29 10:41:23,690 - INFO - 3: Реле на пине 26 активировано (LOW)
2024-09-29 10:41:24,691 - INFO - 4: Реле на пине 17 активировано (LOW)
2024-09-29 10:41:25,694 - INFO - 5: Реле на пине 27 активировано (LOW)
2024-09-29 10:41:26,696 - INFO - 6: Реле на пине 22 активировано (LOW)
2024-09-29 10:41:27,700 - INFO - Все реле активированы. Завершаем программу.
2024-09-29 10:41:27,702 - INFO - 1: Реле на пине 13 deактивировано ()
2024-09-29 10:41:28,704 - INFO - 2: Реле на пине 19 deактивировано ()
2024-09-29 10:41:29,707 - INFO - 3: Реле на пине 26 deактивировано ()
2024-09-29 10:41:30,709 - INFO - 4: Реле на пине 17 deактивировано ()
2024-09-29 10:41:31,710 - INFO - 5: Реле на пине 27 deактивировано ()
2024-09-29 10:41:32,712 - INFO - 6: Реле на пине 22 deактивировано ()
2024-09-29 10:41:33,713 - INFO - Пин 13 настроен как выход с состоянием HIGH
2024-09-29 10:41:33,768 - INFO - Пин 19 настроен как выход с состоянием HIGH
2024-09-29 10:41:33,820 - INFO - Пин 26 настроен как выход с состоянием HIGH
2024-09-29 10:41:33,871 - INFO - Пин 17 настроен как выход с состоянием HIGH
2024-09-29 10:41:33,924 - INFO - Пин 27 настроен как выход с состоянием HIGH
2024-09-29 10:41:33,976 - INFO - Пин 22 настроен как выход с состоянием HIGH
2024-09-29 10:41:34,030 - INFO - Все пины инициализированы. Начинаем последовательную активацию реле.
2024-09-29 10:41:34,034 - INFO - 1: Реле на пине 13 активировано (LOW)
2024-09-29 10:41:35,037 - INFO - 2: Реле на пине 19 активировано (LOW)
2024-09-29 10:41:36,038 - INFO - 3: Реле на пине 26 активировано (LOW)
2024-09-29 10:41:37,039 - INFO - 4: Реле на пине 17 активировано (LOW)
2024-09-29 10:41:38,042 - INFO - 5: Реле на пине 27 активировано (LOW)
2024-09-29 10:41:39,043 - INFO - 6: Реле на пине 22 активировано (LOW)
2024-09-29 10:41:40,051 - INFO - Все реле активированы. Завершаем программу.
2024-09-29 10:41:40,053 - INFO - 1: Реле на пине 13 deактивировано ()
2024-09-29 10:41:41,054 - INFO - 2: Реле на пине 19 deактивировано ()
2024-09-29 10:41:42,056 - INFO - 3: Реле на пине 26 deактивировано ()
2024-09-29 10:41:43,058 - INFO - 4: Реле на пине 17 deактивировано ()
2024-09-29 10:41:44,059 - INFO - 5: Реле на пине 27 deактивировано ()
2024-09-29 10:41:45,060 - INFO - 6: Реле на пине 22 deактивировано ()
2024-09-29 10:41:46,061 - INFO - Пин 13 настроен как выход с состоянием HIGH
2024-09-29 10:41:46,112 - INFO - Пин 19 настроен как выход с состоянием HIGH
2024-09-29 10:41:46,166 - INFO - Пин 26 настроен как выход с состоянием HIGH
2024-09-29 10:41:46,219 - INFO - Пин 17 настроен как выход с состоянием HIGH
2024-09-29 10:41:46,272 - INFO - Пин 27 настроен как выход с состоянием HIGH
2024-09-29 10:41:46,324 - INFO - Пин 22 настроен как выход с состоянием HIGH
2024-09-29 10:41:46,377 - INFO - Все пины инициализированы. Начинаем последовательную активацию реле.
2024-09-29 10:41:46,379 - INFO - 1: Реле на пине 13 активировано (LOW)
2024-09-29 10:41:47,383 - INFO - 2: Реле на пине 19 активировано (LOW)
2024-09-29 10:41:48,384 - INFO - 3: Реле на пине 26 активировано (LOW)
2024-09-29 10:41:49,387 - INFO - 4: Реле на пине 17 активировано (LOW)
2024-09-29 10:41:50,402 - INFO - 5: Реле на пине 27 активировано (LOW)
2024-09-29 10:41:51,405 - INFO - 6: Реле на пине 22 активировано (LOW)
2024-09-29 10:41:52,410 - INFO - Все реле активированы. Завершаем программу.
2024-09-29 10:41:52,413 - INFO - 1: Реле на пине 13 deактивировано ()
2024-09-29 10:41:53,418 - INFO - 2: Реле на пине 19 deактивировано ()
2024-09-29 10:41:54,421 - INFO - 3: Реле на пине 26 deактивировано ()
2024-09-29 10:41:55,424 - INFO - 4: Реле на пине 17 deактивировано ()
2024-09-29 10:41:56,427 - INFO - 5: Реле на пине 27 deактивировано ()
2024-09-29 10:41:57,429 - INFO - 6: Реле на пине 22 deактивировано ()
2024-09-29 10:41:58,433 - INFO - Пин 13 настроен как выход с состоянием HIGH
2024-09-29 10:41:58,487 - INFO - Пин 19 настроен как выход с состоянием HIGH
2024-09-29 10:41:58,541 - INFO - Пин 26 настроен как выход с состоянием HIGH
2024-09-29 10:41:58,598 - INFO - Пин 17 настроен как выход с состоянием HIGH
2024-09-29 10:41:58,652 - INFO - Пин 27 настроен как выход с состоянием HIGH
2024-09-29 10:41:58,707 - INFO - Пин 22 настроен как выход с состоянием HIGH
2024-09-29 10:41:58,757 - INFO - Все пины инициализированы. Начинаем последовательную активацию реле.
2024-09-29 10:41:58,759 - INFO - 1: Реле на пине 13 активировано (LOW)
2024-09-29 10:41:59,760 - INFO - 2: Реле на пине 19 активировано (LOW)
2024-09-29 10:42:00,763 - INFO - 3: Реле на пине 26 активировано (LOW)
2024-09-29 10:42:01,765 - INFO - 4: Реле на пине 17 активировано (LOW)
2024-09-29 10:42:02,766 - INFO - 5: Реле на пине 27 активировано (LOW)
2024-09-29 10:42:03,768 - INFO - 6: Реле на пине 22 активировано (LOW)
2024-09-29 10:42:04,769 - INFO - Все реле активированы. Завершаем программу.
2024-09-29 10:42:04,771 - INFO - 1: Реле на пине 13 deактивировано ()
2024-09-29 10:42:05,773 - INFO - 2: Реле на пине 19 deактивировано ()
2024-09-29 10:42:06,774 - INFO - 3: Реле на пине 26 deактивировано ()
2024-09-29 10:42:07,775 - INFO - 4: Реле на пине 17 deактивировано ()
2024-09-29 10:42:08,777 - INFO - 5: Реле на пине 27 deактивировано ()
2024-09-29 10:42:09,778 - INFO - 6: Реле на пине 22 deактивировано ()
2024-09-29 10:42:10,780 - INFO - Пин 13 настроен как выход с состоянием HIGH
2024-09-29 10:42:10,833 - INFO - Пин 19 настроен как выход с состоянием HIGH
2024-09-29 10:42:10,889 - INFO - Пин 26 настроен как выход с состоянием HIGH
2024-09-29 10:42:10,943 - INFO - Пин 17 настроен как выход с состоянием HIGH
2024-09-29 10:42:10,997 - INFO - Пин 27 настроен как выход с состоянием HIGH
2024-09-29 10:42:11,052 - INFO - Пин 22 настроен как выход с состоянием HIGH
2024-09-29 10:42:11,104 - INFO - Все пины инициализированы. Начинаем последовательную активацию реле.
2024-09-29 10:42:11,106 - INFO - 1: Реле на пине 13 активировано (LOW)
2024-09-29 10:42:12,107 - INFO - 2: Реле на пине 19 активировано (LOW)
2024-09-29 10:42:13,109 - INFO - 3: Реле на пине 26 активировано (LOW)
2024-09-29 10:42:14,111 - INFO - 4: Реле на пине 17 активировано (LOW)
2024-09-29 10:42:15,113 - INFO - 5: Реле на пине 27 активировано (LOW)
2024-09-29 10:42:16,114 - INFO - 6: Реле на пине 22 активировано (LOW)
2024-09-29 10:42:17,115 - INFO - Все реле активированы. Завершаем программу.
2024-09-29 10:42:17,118 - INFO - 1: Реле на пине 13 deактивировано ()
2024-09-29 10:42:18,127 - INFO - 2: Реле на пине 19 deактивировано ()
2024-09-29 10:42:19,128 - INFO - 3: Реле на пине 26 deактивировано ()
2024-09-29 10:42:20,131 - INFO - 4: Реле на пине 17 deактивировано ()
2024-09-29 10:42:21,134 - INFO - 5: Реле на пине 27 deактивировано ()
2024-09-29 10:42:22,139 - INFO - 6: Реле на пине 22 deактивировано ()
2024-09-29 10:42:23,141 - INFO - Пин 13 настроен как выход с состоянием HIGH
2024-09-29 10:42:23,194 - INFO - Пин 19 настроен как выход с состоянием HIGH
2024-09-29 10:42:23,247 - INFO - Пин 26 настроен как выход с состоянием HIGH
2024-09-29 10:42:23,300 - INFO - Пин 17 настроен как выход с состоянием HIGH
2024-09-29 10:42:23,355 - INFO - Пин 27 настроен как выход с состоянием HIGH
2024-09-29 10:42:23,407 - INFO - Пин 22 настроен как выход с состоянием HIGH
2024-09-29 10:42:23,463 - INFO - Все пины инициализированы. Начинаем последовательную активацию реле.
2024-09-29 10:42:23,464 - INFO - 1: Реле на пине 13 активировано (LOW)
2024-09-29 10:42:24,465 - INFO - 2: Реле на пине 19 активировано (LOW)
2024-09-29 10:42:25,468 - INFO - 3: Реле на пине 26 активировано (LOW)
2024-09-29 10:42:26,470 - INFO - 4: Реле на пине 17 активировано (LOW)
2024-09-29 10:42:27,473 - INFO - 5: Реле на пине 27 активировано (LOW)
2024-09-29 10:42:28,477 - INFO - 6: Реле на пине 22 активировано (LOW)
2024-09-29 10:42:29,481 - INFO - Все реле активированы. Завершаем программу.
2024-09-29 10:42:29,484 - INFO - 1: Реле на пине 13 deактивировано ()
2024-09-29 10:42:30,488 - INFO - 2: Реле на пине 19 deактивировано ()
2024-09-29 10:42:31,492 - INFO - 3: Реле на пине 26 deактивировано ()
2024-09-29 10:42:32,495 - INFO - 4: Реле на пине 17 deактивировано ()
2024-09-29 10:42:33,498 - INFO - 5: Реле на пине 27 deактивировано ()
2024-09-29 10:42:34,499 - INFO - 6: Реле на пине 22 deактивировано ()
2024-09-29 10:42:35,501 - INFO - Пин 13 настроен как выход с состоянием HIGH
2024-09-29 10:42:35,556 - INFO - Пин 19 настроен как выход с состоянием HIGH
2024-09-29 10:42:35,608 - INFO - Пин 26 настроен как выход с состоянием HIGH
2024-09-29 10:42:35,663 - INFO - Пин 17 настроен как выход с состоянием HIGH
2024-09-29 10:42:35,716 - INFO - Пин 27 настроен как выход с состоянием HIGH
2024-09-29 10:42:35,768 - INFO - Пин 22 настроен как выход с состоянием HIGH
2024-09-29 10:42:35,821 - INFO - Все пины инициализированы. Начинаем последовательную активацию реле.
2024-09-29 10:42:35,822 - INFO - 1: Реле на пине 13 активировано (LOW)
2024-09-29 10:42:36,824 - INFO - 2: Реле на пине 19 активировано (LOW)
2024-09-29 10:42:37,827 - INFO - 3: Реле на пине 26 активировано (LOW)
2024-09-29 10:42:38,829 - INFO - 4: Реле на пине 17 активировано (LOW)
2024-09-29 10:42:39,831 - INFO - 5: Реле на пине 27 активировано (LOW)
2024-09-29 10:42:40,834 - INFO - 6: Реле на пине 22 активировано (LOW)
2024-09-29 10:42:41,835 - INFO - Все реле активированы. Завершаем программу.
2024-09-29 10:42:41,836 - INFO - 1: Реле на пине 13 deактивировано ()
2024-09-29 10:42:42,838 - INFO - 2: Реле на пине 19 deактивировано ()
2024-09-29 10:42:43,840 - INFO - 3: Реле на пине 26 deактивировано ()
2024-09-29 10:42:44,842 - INFO - 4: Реле на пине 17 deактивировано ()
2024-09-29 10:42:45,844 - INFO - 5: Реле на пине 27 deактивировано ()
2024-09-29 10:42:46,845 - INFO - 6: Реле на пине 22 deактивировано ()
2024-09-29 10:42:47,848 - INFO - Пин 13 настроен как выход с состоянием HIGH
2024-09-29 10:42:47,899 - INFO - Пин 19 настроен как выход с состоянием HIGH
2024-09-29 10:42:47,952 - INFO - Пин 26 настроен как выход с состоянием HIGH
2024-09-29 10:42:48,007 - INFO - Пин 17 настроен как выход с состоянием HIGH
2024-09-29 10:42:48,063 - INFO - Пин 27 настроен как выход с состоянием HIGH
2024-09-29 10:42:48,116 - INFO - Пин 22 настроен как выход с состоянием HIGH
2024-09-29 10:42:48,173 - INFO - Все пины инициализированы. Начинаем последовательную активацию реле.
2024-09-29 10:42:48,173 - INFO - 1: Реле на пине 13 активировано (LOW)
2024-09-29 10:42:49,174 - INFO - 2: Реле на пине 19 активировано (LOW)
2024-09-29 10:42:50,175 - INFO - 3: Реле на пине 26 активировано (LOW)
2024-09-29 10:42:51,176 - INFO - 4: Реле на пине 17 активировано (LOW)
2024-09-29 10:42:52,179 - INFO - 5: Реле на пине 27 активировано (LOW)
2024-09-29 10:42:53,184 - INFO - 6: Реле на пине 22 активировано (LOW)
2024-09-29 10:42:54,186 - INFO - Все реле активированы. Завершаем программу.
2024-09-29 10:42:54,188 - INFO - 1: Реле на пине 13 deактивировано ()
2024-09-29 10:42:55,192 - INFO - 2: Реле на пине 19 deактивировано ()
2024-09-29 10:42:56,195 - INFO - 3: Реле на пине 26 deактивировано ()
2024-09-29 10:42:57,198 - INFO - 4: Реле на пине 17 deактивировано ()
2024-09-29 10:42:58,199 - INFO - 5: Реле на пине 27 deактивировано ()
2024-09-29 10:42:59,200 - INFO - 6: Реле на пине 22 deактивировано ()
2024-09-29 10:43:00,204 - INFO - Пин 13 настроен как выход с состоянием HIGH
2024-09-29 10:43:00,255 - INFO - Пин 19 настроен как выход с состоянием HIGH
2024-09-29 10:43:00,307 - INFO - Пин 26 настроен как выход с состоянием HIGH
2024-09-29 10:43:00,359 - INFO - Пин 17 настроен как выход с состоянием HIGH
2024-09-29 10:43:00,411 - INFO - Пин 27 настроен как выход с состоянием HIGH
2024-09-29 10:43:00,463 - INFO - Пин 22 настроен как выход с состоянием HIGH
2024-09-29 10:43:00,516 - INFO - Все пины инициализированы. Начинаем последовательную активацию реле.
2024-09-29 10:43:00,519 - INFO - 1: Реле на пине 13 активировано (LOW)
2024-09-29 10:43:01,521 - INFO - 2: Реле на пине 19 активировано (LOW)
2024-09-29 10:43:02,528 - INFO - 3: Реле на пине 26 активировано (LOW)
2024-09-29 10:43:03,532 - INFO - 4: Реле на пине 17 активировано (LOW)
2024-09-29 10:43:04,540 - INFO - 5: Реле на пине 27 активировано (LOW)
2024-09-29 10:43:05,549 - INFO - 6: Реле на пине 22 активировано (LOW)
2024-09-29 10:43:06,553 - INFO - Все реле активированы. Завершаем программу.
2024-09-29 10:43:06,555 - INFO - 1: Реле на пине 13 deактивировано ()
2024-09-29 10:43:07,556 - INFO - 2: Реле на пине 19 deактивировано ()
2024-09-29 10:43:08,558 - INFO - 3: Реле на пине 26 deактивировано ()
2024-09-29 10:43:09,560 - INFO - 4: Реле на пине 17 deактивировано ()
2024-09-29 10:43:10,561 - INFO - 5: Реле на пине 27 deактивировано ()
2024-09-29 10:43:11,562 - INFO - 6: Реле на пине 22 deактивировано ()
2024-09-29 10:43:12,563 - INFO - Пин 13 настроен как выход с состоянием HIGH
2024-09-29 10:43:12,616 - INFO - Пин 19 настроен как выход с состоянием HIGH
2024-09-29 10:43:12,673 - INFO - Пин 26 настроен как выход с состоянием HIGH
2024-09-29 10:43:12,729 - INFO - Пин 17 настроен как выход с состоянием HIGH
2024-09-29 10:43:12,784 - INFO - Пин 27 настроен как выход с состоянием HIGH
2024-09-29 10:43:12,836 - INFO - Пин 22 настроен как выход с состоянием HIGH
2024-09-29 10:43:12,889 - INFO - Все пины инициализированы. Начинаем последовательную активацию реле.
2024-09-29 10:43:12,889 - INFO - 1: Реле на пине 13 активировано (LOW)
2024-09-29 10:43:13,890 - INFO - 2: Реле на пине 19 активировано (LOW)
2024-09-29 10:43:14,892 - INFO - 3: Реле на пине 26 активировано (LOW)
2024-09-29 10:43:15,894 - INFO - 4: Реле на пине 17 активировано (LOW)
2024-09-29 10:43:16,896 - INFO - 5: Реле на пине 27 активировано (LOW)
2024-09-29 10:43:17,898 - INFO - 6: Реле на пине 22 активировано (LOW)
2024-09-29 10:43:18,899 - INFO - Все реле активированы. Завершаем программу.
2024-09-29 10:43:18,901 - INFO - 1: Реле на пине 13 deактивировано ()
2024-09-29 10:43:19,904 - INFO - 2: Реле на пине 19 deактивировано ()
2024-09-29 10:43:20,906 - INFO - 3: Реле на пине 26 deактивировано ()
2024-09-29 10:43:21,908 - INFO - 4: Реле на пине 17 deактивировано ()
2024-09-29 10:43:22,909 - INFO - 5: Реле на пине 27 deактивировано ()
2024-09-29 10:43:23,912 - INFO - 6: Реле на пине 22 deактивировано ()
2024-09-29 10:43:24,913 - INFO - Пин 13 настроен как выход с состоянием HIGH
2024-09-29 10:43:24,965 - INFO - Пин 19 настроен как выход с состоянием HIGH
2024-09-29 10:43:25,016 - INFO - Пин 26 настроен как выход с состоянием HIGH
2024-09-29 10:43:25,072 - INFO - Пин 17 настроен как выход с состоянием HIGH
2024-09-29 10:43:25,124 - INFO - Пин 27 настроен как выход с состоянием HIGH
2024-09-29 10:43:25,177 - INFO - Пин 22 настроен как выход с состоянием HIGH
2024-09-29 10:43:25,230 - INFO - Все пины инициализированы. Начинаем последовательную активацию реле.
2024-09-29 10:43:25,232 - INFO - 1: Реле на пине 13 активировано (LOW)
2024-09-29 10:43:26,235 - INFO - 2: Реле на пине 19 активировано (LOW)
2024-09-29 10:43:27,238 - INFO - 3: Реле на пине 26 активировано (LOW)
2024-09-29 10:43:28,240 - INFO - 4: Реле на пине 17 активировано (LOW)
2024-09-29 10:43:29,245 - INFO - 5: Реле на пине 27 активировано (LOW)
2024-09-29 10:43:30,247 - INFO - 6: Реле на пине 22 активировано (LOW)
2024-09-29 10:43:31,249 - INFO - Все реле активированы. Завершаем программу.
2024-09-29 10:43:31,251 - INFO - 1: Реле на пине 13 deактивировано ()
2024-09-29 10:43:32,256 - INFO - 2: Реле на пине 19 deактивировано ()
2024-09-29 10:43:33,258 - INFO - 3: Реле на пине 26 deактивировано ()
2024-09-29 10:43:34,259 - INFO - 4: Реле на пине 17 deактивировано ()
2024-09-29 10:43:35,260 - INFO - 5: Реле на пине 27 deактивировано ()
2024-09-29 10:43:36,263 - INFO - 6: Реле на пине 22 deактивировано ()
2024-09-29 10:43:37,265 - INFO - Пин 13 настроен как выход с состоянием HIGH
2024-09-29 10:43:37,320 - INFO - Пин 19 настроен как выход с состоянием HIGH
2024-09-29 10:43:37,373 - INFO - Пин 26 настроен как выход с состоянием HIGH
2024-09-29 10:43:37,429 - INFO - Пин 17 настроен как выход с состоянием HIGH
2024-09-29 10:43:37,480 - INFO - Пин 27 настроен как выход с состоянием HIGH
2024-09-29 10:43:37,537 - INFO - Пин 22 настроен как выход с состоянием HIGH
2024-09-29 10:43:37,589 - INFO - Все пины инициализированы. Начинаем последовательную активацию реле.
2024-09-29 10:43:37,590 - INFO - 1: Реле на пине 13 активировано (LOW)
2024-09-29 10:43:38,591 - INFO - 2: Реле на пине 19 активировано (LOW)
2024-09-29 10:43:39,593 - INFO - 3: Реле на пине 26 активировано (LOW)
2024-09-29 10:43:40,596 - INFO - 4: Реле на пине 17 активировано (LOW)
2024-09-29 10:43:41,604 - INFO - 5: Реле на пине 27 активировано (LOW)
2024-09-29 10:43:42,605 - INFO - 6: Реле на пине 22 активировано (LOW)
2024-09-29 10:43:43,614 - INFO - Все реле активированы. Завершаем программу.
2024-09-29 10:43:43,619 - INFO - 1: Реле на пине 13 deактивировано ()
2024-09-29 10:43:44,624 - INFO - 2: Реле на пине 19 deактивировано ()
2024-09-29 10:43:45,625 - INFO - 3: Реле на пине 26 deактивировано ()
2024-09-29 10:43:46,628 - INFO - 4: Реле на пине 17 deактивировано ()
2024-09-29 10:43:47,631 - INFO - 5: Реле на пине 27 deактивировано ()
2024-09-29 10:43:48,637 - INFO - 6: Реле на пине 22 deактивировано ()
2024-09-29 10:43:49,640 - INFO - Пин 13 настроен как выход с состоянием HIGH
2024-09-29 10:43:49,694 - INFO - Пин 19 настроен как выход с состоянием HIGH
2024-09-29 10:43:49,752 - INFO - Пин 26 настроен как выход с состоянием HIGH
2024-09-29 10:43:49,810 - INFO - Пин 17 настроен как выход с состоянием HIGH
2024-09-29 10:43:49,868 - INFO - Пин 27 настроен как выход с состоянием HIGH
2024-09-29 10:43:49,925 - INFO - Пин 22 настроен как выход с состоянием HIGH
2024-09-29 10:43:49,977 - INFO - Все пины инициализированы. Начинаем последовательную активацию реле.
2024-09-29 10:43:49,980 - INFO - 1: Реле на пине 13 активировано (LOW)
2024-09-29 10:43:50,982 - INFO - 2: Реле на пине 19 активировано (LOW)
2024-09-29 10:43:51,984 - INFO - 3: Реле на пине 26 активировано (LOW)
2024-09-29 10:43:52,986 - INFO - 4: Реле на пине 17 активировано (LOW)
2024-09-29 10:43:53,988 - INFO - 5: Реле на пине 27 активировано (LOW)
2024-09-29 10:43:54,990 - INFO - 6: Реле на пине 22 активировано (LOW)
2024-09-29 10:43:55,991 - INFO - Все реле активированы. Завершаем программу.
2024-09-29 10:43:55,992 - INFO - 1: Реле на пине 13 deактивировано ()
2024-09-29 10:43:56,993 - INFO - 2: Реле на пине 19 deактивировано ()
2024-09-29 10:43:57,996 - INFO - 3: Реле на пине 26 deактивировано ()
2024-09-29 10:43:58,997 - INFO - 4: Реле на пине 17 deактивировано ()
2024-09-29 10:43:59,999 - INFO - 5: Реле на пине 27 deактивировано ()
2024-09-29 10:44:01,002 - INFO - 6: Реле на пине 22 deактивировано ()
2024-09-29 10:44:02,003 - INFO - Пин 13 настроен как выход с состоянием HIGH
2024-09-29 10:44:02,055 - INFO - Пин 19 настроен как выход с состоянием HIGH
2024-09-29 10:44:02,106 - INFO - Пин 26 настроен как выход с состоянием HIGH
2024-09-29 10:44:02,158 - INFO - Пин 17 настроен как выход с состоянием HIGH
2024-09-29 10:44:02,210 - INFO - Пин 27 настроен как выход с состоянием HIGH
2024-09-29 10:44:02,263 - INFO - Пин 22 настроен как выход с состоянием HIGH
2024-09-29 10:44:02,316 - INFO - Все пины инициализированы. Начинаем последовательную активацию реле.
2024-09-29 10:44:02,318 - INFO - 1: Реле на пине 13 активировано (LOW)
2024-09-29 10:44:03,320 - INFO - 2: Реле на пине 19 активировано (LOW)
2024-09-29 10:44:04,324 - INFO - 3: Реле на пине 26 активировано (LOW)
2024-09-29 10:44:05,329 - INFO - 4: Реле на пине 17 активировано (LOW)
2024-09-29 10:44:06,331 - INFO - 5: Реле на пине 27 активировано (LOW)
2024-09-29 10:44:07,336 - INFO - 6: Реле на пине 22 активировано (LOW)
2024-09-29 10:44:08,340 - INFO - Все реле активированы. Завершаем программу.
2024-09-29 10:44:08,341 - INFO - 1: Реле на пине 13 deактивировано ()
2024-09-29 10:44:09,344 - INFO - 2: Реле на пине 19 deактивировано ()
2024-09-29 10:44:10,349 - INFO - 3: Реле на пине 26 deактивировано ()
2024-09-29 10:44:11,352 - INFO - 4: Реле на пине 17 deактивировано ()
2024-09-29 10:44:12,355 - INFO - 5: Реле на пине 27 deактивировано ()
2024-09-29 10:44:13,358 - INFO - 6: Реле на пине 22 deактивировано ()
2024-09-29 10:44:14,364 - INFO - Пин 13 настроен как выход с состоянием HIGH
2024-09-29 10:44:14,415 - INFO - Пин 19 настроен как выход с состоянием HIGH
2024-09-29 10:44:14,468 - INFO - Пин 26 настроен как выход с состоянием HIGH
2024-09-29 10:44:14,521 - INFO - Пин 17 настроен как выход с состоянием HIGH
2024-09-29 10:44:14,572 - INFO - Пин 27 настроен как выход с состоянием HIGH
2024-09-29 10:44:14,624 - INFO - Пин 22 настроен как выход с состоянием HIGH
2024-09-29 10:44:14,676 - INFO - Все пины инициализированы. Начинаем последовательную активацию реле.
2024-09-29 10:44:14,680 - INFO - 1: Реле на пине 13 активировано (LOW)
2024-09-29 10:44:15,681 - INFO - 2: Реле на пине 19 активировано (LOW)
2024-09-29 10:44:16,685 - INFO - 3: Реле на пине 26 активировано (LOW)
2024-09-29 10:44:17,687 - INFO - 4: Реле на пине 17 активировано (LOW)
2024-09-29 10:44:18,481 - WARNING - Программа прервана пользователем (KeyboardInterrupt).
2024-09-29 10:44:18,482 - INFO - GPIO очищены. Программа завершена.
